2023-10-30T11:54:36.537+05:30  INFO 15404 --- [restartedMain] c.l.t.t.TodoManagerApplication           : Starting TodoManagerApplication using Java 20.0.2 with PID 15404 (C:\Users\ghosh\OneDrive\Desktop\todo-manager\todo-manager\target\classes started by ghosh in C:\Users\ghosh\OneDrive\Desktop\todo-manager)
2023-10-30T11:54:36.543+05:30  INFO 15404 --- [restartedMain] c.l.t.t.TodoManagerApplication           : No active profile set, falling back to 1 default profile: "default"
2023-10-30T11:54:36.725+05:30  INFO 15404 --- [restartedMain] .e.DevToolsPropertyDefaultsPostProcessor : Devtools property defaults active! Set 'spring.devtools.add-properties' to 'false' to disable
2023-10-30T11:54:36.726+05:30  INFO 15404 --- [restartedMain] .e.DevToolsPropertyDefaultsPostProcessor : For additional web related logging consider setting the 'logging.level.web' property to 'DEBUG'
2023-10-30T11:54:40.400+05:30  INFO 15404 --- [restartedMain] o.s.b.w.embedded.tomcat.TomcatWebServer  : Tomcat initialized with port(s): 9092 (http)
2023-10-30T11:54:40.442+05:30  INFO 15404 --- [restartedMain] o.apache.catalina.core.StandardService   : Starting service [Tomcat]
2023-10-30T11:54:40.443+05:30  INFO 15404 --- [restartedMain] o.apache.catalina.core.StandardEngine    : Starting Servlet engine: [Apache Tomcat/10.1.15]
2023-10-30T11:54:40.572+05:30  INFO 15404 --- [restartedMain] o.a.c.c.C.[Tomcat].[localhost].[/]       : Initializing Spring embedded WebApplicationContext
2023-10-30T11:54:40.573+05:30  INFO 15404 --- [restartedMain] w.s.c.ServletWebServerApplicationContext : Root WebApplicationContext: initialization completed in 3844 ms
2023-10-30T11:54:41.189+05:30  WARN 15404 --- [restartedMain] ion$DefaultTemplateResolverConfiguration : Cannot find template location: classpath:/templates/ (please add some templates, check your Thymeleaf configuration, or set spring.thymeleaf.check-template-location=false)
2023-10-30T11:54:41.276+05:30  INFO 15404 --- [restartedMain] o.s.b.d.a.OptionalLiveReloadServer       : LiveReload server is running on port 35729
2023-10-30T11:54:41.359+05:30  INFO 15404 --- [restartedMain] o.s.b.w.embedded.tomcat.TomcatWebServer  : Tomcat started on port(s): 9092 (http) with context path ''
2023-10-30T11:54:41.385+05:30  INFO 15404 --- [restartedMain] c.l.t.t.TodoManagerApplication           : Started TodoManagerApplication in 6.369 seconds (process running for 8.124)
2023-10-30T12:11:02.369+05:30  INFO 17136 --- [restartedMain] c.l.t.t.TodoManagerApplication           : Starting TodoManagerApplication using Java 20.0.2 with PID 17136 (C:\Users\ghosh\OneDrive\Desktop\todo-manager\todo-manager\target\classes started by ghosh in C:\Users\ghosh\OneDrive\Desktop\todo-manager)
2023-10-30T12:11:02.373+05:30  INFO 17136 --- [restartedMain] c.l.t.t.TodoManagerApplication           : No active profile set, falling back to 1 default profile: "default"
2023-10-30T12:11:02.507+05:30  INFO 17136 --- [restartedMain] .e.DevToolsPropertyDefaultsPostProcessor : Devtools property defaults active! Set 'spring.devtools.add-properties' to 'false' to disable
2023-10-30T12:11:02.507+05:30  INFO 17136 --- [restartedMain] .e.DevToolsPropertyDefaultsPostProcessor : For additional web related logging consider setting the 'logging.level.web' property to 'DEBUG'
2023-10-30T12:11:05.415+05:30  INFO 17136 --- [restartedMain] o.s.b.w.embedded.tomcat.TomcatWebServer  : Tomcat initialized with port(s): 8080 (http)
2023-10-30T12:11:05.441+05:30  INFO 17136 --- [restartedMain] o.apache.catalina.core.StandardService   : Starting service [Tomcat]
2023-10-30T12:11:05.442+05:30  INFO 17136 --- [restartedMain] o.apache.catalina.core.StandardEngine    : Starting Servlet engine: [Apache Tomcat/10.1.15]
2023-10-30T12:11:05.561+05:30  INFO 17136 --- [restartedMain] o.a.c.c.C.[Tomcat].[localhost].[/]       : Initializing Spring embedded WebApplicationContext
2023-10-30T12:11:05.562+05:30  INFO 17136 --- [restartedMain] w.s.c.ServletWebServerApplicationContext : Root WebApplicationContext: initialization completed in 3053 ms
2023-10-30T12:11:06.273+05:30  WARN 17136 --- [restartedMain] ion$DefaultTemplateResolverConfiguration : Cannot find template location: classpath:/templates/ (please add some templates, check your Thymeleaf configuration, or set spring.thymeleaf.check-template-location=false)
2023-10-30T12:11:06.371+05:30  INFO 17136 --- [restartedMain] o.s.b.d.a.OptionalLiveReloadServer       : LiveReload server is running on port 35729
2023-10-30T12:11:06.432+05:30  INFO 17136 --- [restartedMain] o.s.b.w.embedded.tomcat.TomcatWebServer  : Tomcat started on port(s): 8080 (http) with context path ''
2023-10-30T12:11:06.454+05:30  INFO 17136 --- [restartedMain] c.l.t.t.TodoManagerApplication           : Started TodoManagerApplication in 4.949 seconds (process running for 6.064)
2023-10-30T12:13:23.437+05:30  INFO 13072 --- [restartedMain] c.l.t.t.TodoManagerApplication           : Starting TodoManagerApplication using Java 20.0.2 with PID 13072 (C:\Users\ghosh\OneDrive\Desktop\todo-manager\todo-manager\target\classes started by ghosh in C:\Users\ghosh\OneDrive\Desktop\todo-manager)
2023-10-30T12:13:23.441+05:30  INFO 13072 --- [restartedMain] c.l.t.t.TodoManagerApplication           : No active profile set, falling back to 1 default profile: "default"
2023-10-30T12:13:23.622+05:30  INFO 13072 --- [restartedMain] .e.DevToolsPropertyDefaultsPostProcessor : Devtools property defaults active! Set 'spring.devtools.add-properties' to 'false' to disable
2023-10-30T12:13:23.624+05:30  INFO 13072 --- [restartedMain] .e.DevToolsPropertyDefaultsPostProcessor : For additional web related logging consider setting the 'logging.level.web' property to 'DEBUG'
2023-10-30T12:13:25.943+05:30  INFO 13072 --- [restartedMain] o.s.b.w.embedded.tomcat.TomcatWebServer  : Tomcat initialized with port(s): 8080 (http)
2023-10-30T12:13:25.961+05:30  INFO 13072 --- [restartedMain] o.apache.catalina.core.StandardService   : Starting service [Tomcat]
2023-10-30T12:13:25.962+05:30  INFO 13072 --- [restartedMain] o.apache.catalina.core.StandardEngine    : Starting Servlet engine: [Apache Tomcat/10.1.15]
2023-10-30T12:13:26.061+05:30  INFO 13072 --- [restartedMain] o.a.c.c.C.[Tomcat].[localhost].[/]       : Initializing Spring embedded WebApplicationContext
2023-10-30T12:13:26.061+05:30  INFO 13072 --- [restartedMain] w.s.c.ServletWebServerApplicationContext : Root WebApplicationContext: initialization completed in 2434 ms
2023-10-30T12:13:27.034+05:30  WARN 13072 --- [restartedMain] ion$DefaultTemplateResolverConfiguration : Cannot find template location: classpath:/templates/ (please add some templates, check your Thymeleaf configuration, or set spring.thymeleaf.check-template-location=false)
2023-10-30T12:13:27.163+05:30  INFO 13072 --- [restartedMain] o.s.b.d.a.OptionalLiveReloadServer       : LiveReload server is running on port 35729
2023-10-30T12:13:27.295+05:30  INFO 13072 --- [restartedMain] o.s.b.w.embedded.tomcat.TomcatWebServer  : Tomcat started on port(s): 8080 (http) with context path ''
2023-10-30T12:13:27.334+05:30  INFO 13072 --- [restartedMain] c.l.t.t.TodoManagerApplication           : Started TodoManagerApplication in 5.003 seconds (process running for 6.082)
2023-10-30T12:16:31.736+05:30  INFO 9820 --- [restartedMain] c.l.t.t.TodoManagerApplication           : Starting TodoManagerApplication using Java 20.0.2 with PID 9820 (C:\Users\ghosh\OneDrive\Desktop\todo-manager\todo-manager\target\classes started by ghosh in C:\Users\ghosh\OneDrive\Desktop\todo-manager)
2023-10-30T12:16:31.740+05:30  INFO 9820 --- [restartedMain] c.l.t.t.TodoManagerApplication           : No active profile set, falling back to 1 default profile: "default"
2023-10-30T12:16:31.855+05:30  INFO 9820 --- [restartedMain] .e.DevToolsPropertyDefaultsPostProcessor : Devtools property defaults active! Set 'spring.devtools.add-properties' to 'false' to disable
2023-10-30T12:16:31.856+05:30  INFO 9820 --- [restartedMain] .e.DevToolsPropertyDefaultsPostProcessor : For additional web related logging consider setting the 'logging.level.web' property to 'DEBUG'
2023-10-30T12:16:35.225+05:30  INFO 9820 --- [restartedMain] o.s.b.w.embedded.tomcat.TomcatWebServer  : Tomcat initialized with port(s): 8080 (http)
2023-10-30T12:16:35.259+05:30  INFO 9820 --- [restartedMain] o.apache.catalina.core.StandardService   : Starting service [Tomcat]
2023-10-30T12:16:35.260+05:30  INFO 9820 --- [restartedMain] o.apache.catalina.core.StandardEngine    : Starting Servlet engine: [Apache Tomcat/10.1.15]
2023-10-30T12:16:35.496+05:30  INFO 9820 --- [restartedMain] o.a.c.c.C.[Tomcat].[localhost].[/]       : Initializing Spring embedded WebApplicationContext
2023-10-30T12:16:35.497+05:30  INFO 9820 --- [restartedMain] w.s.c.ServletWebServerApplicationContext : Root WebApplicationContext: initialization completed in 3640 ms
2023-10-30T12:16:36.581+05:30  WARN 9820 --- [restartedMain] ion$DefaultTemplateResolverConfiguration : Cannot find template location: classpath:/templates/ (please add some templates, check your Thymeleaf configuration, or set spring.thymeleaf.check-template-location=false)
2023-10-30T12:16:36.735+05:30  INFO 9820 --- [restartedMain] o.s.b.d.a.OptionalLiveReloadServer       : LiveReload server is running on port 35729
2023-10-30T12:16:36.855+05:30  INFO 9820 --- [restartedMain] o.s.b.w.embedded.tomcat.TomcatWebServer  : Tomcat started on port(s): 8080 (http) with context path ''
2023-10-30T12:16:36.892+05:30  INFO 9820 --- [restartedMain] c.l.t.t.TodoManagerApplication           : Started TodoManagerApplication in 6.046 seconds (process running for 6.897)
2023-10-30T12:18:21.695+05:30  INFO 13656 --- [restartedMain] c.l.t.t.TodoManagerApplication           : Starting TodoManagerApplication using Java 20.0.2 with PID 13656 (C:\Users\ghosh\OneDrive\Desktop\todo-manager\todo-manager\target\classes started by ghosh in C:\Users\ghosh\OneDrive\Desktop\todo-manager)
2023-10-30T12:18:21.700+05:30  INFO 13656 --- [restartedMain] c.l.t.t.TodoManagerApplication           : No active profile set, falling back to 1 default profile: "default"
2023-10-30T12:18:21.840+05:30  INFO 13656 --- [restartedMain] .e.DevToolsPropertyDefaultsPostProcessor : Devtools property defaults active! Set 'spring.devtools.add-properties' to 'false' to disable
2023-10-30T12:18:21.840+05:30  INFO 13656 --- [restartedMain] .e.DevToolsPropertyDefaultsPostProcessor : For additional web related logging consider setting the 'logging.level.web' property to 'DEBUG'
2023-10-30T12:18:23.995+05:30  INFO 13656 --- [restartedMain] o.s.b.w.embedded.tomcat.TomcatWebServer  : Tomcat initialized with port(s): 8080 (http)
2023-10-30T12:18:24.013+05:30  INFO 13656 --- [restartedMain] o.apache.catalina.core.StandardService   : Starting service [Tomcat]
2023-10-30T12:18:24.013+05:30  INFO 13656 --- [restartedMain] o.apache.catalina.core.StandardEngine    : Starting Servlet engine: [Apache Tomcat/10.1.15]
2023-10-30T12:18:24.084+05:30  INFO 13656 --- [restartedMain] o.a.c.c.C.[Tomcat].[localhost].[/]       : Initializing Spring embedded WebApplicationContext
2023-10-30T12:18:24.085+05:30  INFO 13656 --- [restartedMain] w.s.c.ServletWebServerApplicationContext : Root WebApplicationContext: initialization completed in 2243 ms
2023-10-30T12:18:24.700+05:30  INFO 13656 --- [restartedMain] o.s.b.d.a.OptionalLiveReloadServer       : LiveReload server is running on port 35729
2023-10-30T12:18:24.750+05:30  INFO 13656 --- [restartedMain] o.s.b.w.embedded.tomcat.TomcatWebServer  : Tomcat started on port(s): 8080 (http) with context path ''
2023-10-30T12:18:24.768+05:30  INFO 13656 --- [restartedMain] c.l.t.t.TodoManagerApplication           : Started TodoManagerApplication in 4.011 seconds (process running for 4.976)
2023-10-30T12:19:07.328+05:30  INFO 4268 --- [restartedMain] c.l.t.t.TodoManagerApplication           : Starting TodoManagerApplication using Java 20.0.2 with PID 4268 (C:\Users\ghosh\OneDrive\Desktop\todo-manager\todo-manager\target\classes started by ghosh in C:\Users\ghosh\OneDrive\Desktop\todo-manager)
2023-10-30T12:19:07.335+05:30  INFO 4268 --- [restartedMain] c.l.t.t.TodoManagerApplication           : No active profile set, falling back to 1 default profile: "default"
2023-10-30T12:19:07.505+05:30  INFO 4268 --- [restartedMain] .e.DevToolsPropertyDefaultsPostProcessor : Devtools property defaults active! Set 'spring.devtools.add-properties' to 'false' to disable
2023-10-30T12:19:07.506+05:30  INFO 4268 --- [restartedMain] .e.DevToolsPropertyDefaultsPostProcessor : For additional web related logging consider setting the 'logging.level.web' property to 'DEBUG'
2023-10-30T12:19:11.195+05:30  INFO 4268 --- [restartedMain] o.s.b.w.embedded.tomcat.TomcatWebServer  : Tomcat initialized with port(s): 8080 (http)
2023-10-30T12:19:11.230+05:30  INFO 4268 --- [restartedMain] o.apache.catalina.core.StandardService   : Starting service [Tomcat]
2023-10-30T12:19:11.231+05:30  INFO 4268 --- [restartedMain] o.apache.catalina.core.StandardEngine    : Starting Servlet engine: [Apache Tomcat/10.1.15]
2023-10-30T12:19:11.386+05:30  INFO 4268 --- [restartedMain] o.a.c.c.C.[Tomcat].[localhost].[/]       : Initializing Spring embedded WebApplicationContext
2023-10-30T12:19:11.387+05:30  INFO 4268 --- [restartedMain] w.s.c.ServletWebServerApplicationContext : Root WebApplicationContext: initialization completed in 3879 ms
2023-10-30T12:19:12.280+05:30  INFO 4268 --- [restartedMain] o.s.b.d.a.OptionalLiveReloadServer       : LiveReload server is running on port 35729
2023-10-30T12:19:12.344+05:30  INFO 4268 --- [restartedMain] o.s.b.w.embedded.tomcat.TomcatWebServer  : Tomcat started on port(s): 8080 (http) with context path ''
2023-10-30T12:19:12.361+05:30  INFO 4268 --- [restartedMain] c.l.t.t.TodoManagerApplication           : Started TodoManagerApplication in 6.486 seconds (process running for 8.086)
2023-10-30T12:20:26.996+05:30  INFO 4268 --- [http-nio-8080-exec-1] o.a.c.c.C.[Tomcat].[localhost].[/]       : Initializing Spring DispatcherServlet 'dispatcherServlet'
2023-10-30T12:20:26.997+05:30  INFO 4268 --- [http-nio-8080-exec-1] o.s.web.servlet.DispatcherServlet        : Initializing Servlet 'dispatcherServlet'
2023-10-30T12:20:26.999+05:30  INFO 4268 --- [http-nio-8080-exec-1] o.s.web.servlet.DispatcherServlet        : Completed initialization in 1 ms
2023-10-30T12:20:27.027+05:30  WARN 4268 --- [http-nio-8080-exec-1] .w.s.m.s.DefaultHandlerExceptionResolver : Resolved [org.springframework.web.HttpRequestMethodNotSupportedException: Request method 'GET' is not supported]
2023-10-30T12:21:53.238+05:30  INFO 3220 --- [restartedMain] c.l.t.t.TodoManagerApplication           : Starting TodoManagerApplication using Java 20.0.2 with PID 3220 (C:\Users\ghosh\OneDrive\Desktop\todo-manager\todo-manager\target\classes started by ghosh in C:\Users\ghosh\OneDrive\Desktop\todo-manager)
2023-10-30T12:21:53.245+05:30  INFO 3220 --- [restartedMain] c.l.t.t.TodoManagerApplication           : No active profile set, falling back to 1 default profile: "default"
2023-10-30T12:21:53.415+05:30  INFO 3220 --- [restartedMain] .e.DevToolsPropertyDefaultsPostProcessor : Devtools property defaults active! Set 'spring.devtools.add-properties' to 'false' to disable
2023-10-30T12:21:53.416+05:30  INFO 3220 --- [restartedMain] .e.DevToolsPropertyDefaultsPostProcessor : For additional web related logging consider setting the 'logging.level.web' property to 'DEBUG'
2023-10-30T12:21:57.099+05:30  INFO 3220 --- [restartedMain] o.s.b.w.embedded.tomcat.TomcatWebServer  : Tomcat initialized with port(s): 8080 (http)
2023-10-30T12:21:57.136+05:30  INFO 3220 --- [restartedMain] o.apache.catalina.core.StandardService   : Starting service [Tomcat]
2023-10-30T12:21:57.137+05:30  INFO 3220 --- [restartedMain] o.apache.catalina.core.StandardEngine    : Starting Servlet engine: [Apache Tomcat/10.1.15]
2023-10-30T12:21:57.312+05:30  INFO 3220 --- [restartedMain] o.a.c.c.C.[Tomcat].[localhost].[/]       : Initializing Spring embedded WebApplicationContext
2023-10-30T12:21:57.313+05:30  INFO 3220 --- [restartedMain] w.s.c.ServletWebServerApplicationContext : Root WebApplicationContext: initialization completed in 3894 ms
2023-10-30T12:21:58.447+05:30  INFO 3220 --- [restartedMain] o.s.b.d.a.OptionalLiveReloadServer       : LiveReload server is running on port 35729
2023-10-30T12:21:58.540+05:30  INFO 3220 --- [restartedMain] o.s.b.w.embedded.tomcat.TomcatWebServer  : Tomcat started on port(s): 8080 (http) with context path ''
2023-10-30T12:21:58.579+05:30  INFO 3220 --- [restartedMain] c.l.t.t.TodoManagerApplication           : Started TodoManagerApplication in 6.874 seconds (process running for 8.417)
2023-10-30T12:25:41.478+05:30  INFO 11156 --- [restartedMain] c.l.t.t.TodoManagerApplication           : Starting TodoManagerApplication using Java 20.0.2 with PID 11156 (C:\Users\ghosh\OneDrive\Desktop\todo-manager\todo-manager\target\classes started by ghosh in C:\Users\ghosh\OneDrive\Desktop\todo-manager)
2023-10-30T12:25:41.482+05:30  INFO 11156 --- [restartedMain] c.l.t.t.TodoManagerApplication           : No active profile set, falling back to 1 default profile: "default"
2023-10-30T12:25:41.592+05:30  INFO 11156 --- [restartedMain] .e.DevToolsPropertyDefaultsPostProcessor : Devtools property defaults active! Set 'spring.devtools.add-properties' to 'false' to disable
2023-10-30T12:25:41.593+05:30  INFO 11156 --- [restartedMain] .e.DevToolsPropertyDefaultsPostProcessor : For additional web related logging consider setting the 'logging.level.web' property to 'DEBUG'
2023-10-30T12:25:44.094+05:30  INFO 11156 --- [restartedMain] o.s.b.w.embedded.tomcat.TomcatWebServer  : Tomcat initialized with port(s): 8080 (http)
2023-10-30T12:25:44.112+05:30  INFO 11156 --- [restartedMain] o.apache.catalina.core.StandardService   : Starting service [Tomcat]
2023-10-30T12:25:44.112+05:30  INFO 11156 --- [restartedMain] o.apache.catalina.core.StandardEngine    : Starting Servlet engine: [Apache Tomcat/10.1.15]
2023-10-30T12:25:44.199+05:30  INFO 11156 --- [restartedMain] o.a.c.c.C.[Tomcat].[localhost].[/]       : Initializing Spring embedded WebApplicationContext
2023-10-30T12:25:44.200+05:30  INFO 11156 --- [restartedMain] w.s.c.ServletWebServerApplicationContext : Root WebApplicationContext: initialization completed in 2605 ms
2023-10-30T12:25:45.304+05:30  INFO 11156 --- [restartedMain] o.s.b.d.a.OptionalLiveReloadServer       : LiveReload server is running on port 35729
2023-10-30T12:25:45.391+05:30  INFO 11156 --- [restartedMain] o.s.b.w.embedded.tomcat.TomcatWebServer  : Tomcat started on port(s): 8080 (http) with context path ''
2023-10-30T12:25:45.418+05:30  INFO 11156 --- [restartedMain] c.l.t.t.TodoManagerApplication           : Started TodoManagerApplication in 4.875 seconds (process running for 5.983)
2023-10-30T12:29:02.849+05:30  INFO 11156 --- [http-nio-8080-exec-1] o.a.c.c.C.[Tomcat].[localhost].[/]       : Initializing Spring DispatcherServlet 'dispatcherServlet'
2023-10-30T12:29:02.850+05:30  INFO 11156 --- [http-nio-8080-exec-1] o.s.web.servlet.DispatcherServlet        : Initializing Servlet 'dispatcherServlet'
2023-10-30T12:29:02.854+05:30  INFO 11156 --- [http-nio-8080-exec-1] o.s.web.servlet.DispatcherServlet        : Completed initialization in 2 ms
2023-10-30T12:29:02.928+05:30  WARN 11156 --- [http-nio-8080-exec-1] .w.s.m.s.DefaultHandlerExceptionResolver : Resolved [org.springframework.http.converter.HttpMessageNotReadableException: Required request body is missing: public java.lang.String com.lcwd.todomanager.todomanager.Controller.TodoController.createTodo(com.lcwd.todomanager.todomanager.models.Todo)]
2023-10-30T12:30:42.571+05:30  INFO 11156 --- [http-nio-8080-exec-4] c.l.t.t.Controller.TodoController        : creating todo
2023-10-30T12:30:42.572+05:30  INFO 11156 --- [http-nio-8080-exec-4] c.l.t.todomanager.services.TodoService   : Todos [com.lcwd.todomanager.todomanager.models.Todo@2958cafb]
2023-10-30T12:31:35.937+05:30  INFO 11156 --- [http-nio-8080-exec-5] c.l.t.t.Controller.TodoController        : creating todo
2023-10-30T12:31:35.939+05:30  INFO 11156 --- [http-nio-8080-exec-5] c.l.t.todomanager.services.TodoService   : Todos [com.lcwd.todomanager.todomanager.models.Todo@2958cafb, com.lcwd.todomanager.todomanager.models.Todo@1de60183]
2023-10-30T12:31:47.046+05:30  INFO 6188 --- [restartedMain] c.l.t.t.TodoManagerApplication           : Starting TodoManagerApplication using Java 20.0.2 with PID 6188 (C:\Users\ghosh\OneDrive\Desktop\todo-manager\todo-manager\target\classes started by ghosh in C:\Users\ghosh\OneDrive\Desktop\todo-manager)
2023-10-30T12:31:47.052+05:30  INFO 6188 --- [restartedMain] c.l.t.t.TodoManagerApplication           : No active profile set, falling back to 1 default profile: "default"
2023-10-30T12:31:47.241+05:30  INFO 6188 --- [restartedMain] .e.DevToolsPropertyDefaultsPostProcessor : Devtools property defaults active! Set 'spring.devtools.add-properties' to 'false' to disable
2023-10-30T12:31:47.241+05:30  INFO 6188 --- [restartedMain] .e.DevToolsPropertyDefaultsPostProcessor : For additional web related logging consider setting the 'logging.level.web' property to 'DEBUG'
2023-10-30T12:31:50.964+05:30  INFO 6188 --- [restartedMain] o.s.b.w.embedded.tomcat.TomcatWebServer  : Tomcat initialized with port(s): 8080 (http)
2023-10-30T12:31:50.989+05:30  INFO 6188 --- [restartedMain] o.apache.catalina.core.StandardService   : Starting service [Tomcat]
2023-10-30T12:31:50.990+05:30  INFO 6188 --- [restartedMain] o.apache.catalina.core.StandardEngine    : Starting Servlet engine: [Apache Tomcat/10.1.15]
2023-10-30T12:31:51.108+05:30  INFO 6188 --- [restartedMain] o.a.c.c.C.[Tomcat].[localhost].[/]       : Initializing Spring embedded WebApplicationContext
2023-10-30T12:31:51.109+05:30  INFO 6188 --- [restartedMain] w.s.c.ServletWebServerApplicationContext : Root WebApplicationContext: initialization completed in 3866 ms
2023-10-30T12:31:52.084+05:30  INFO 6188 --- [restartedMain] o.s.b.d.a.OptionalLiveReloadServer       : LiveReload server is running on port 35729
2023-10-30T12:31:52.203+05:30  INFO 6188 --- [restartedMain] o.s.b.w.embedded.tomcat.TomcatWebServer  : Tomcat started on port(s): 8080 (http) with context path ''
2023-10-30T12:31:52.228+05:30  INFO 6188 --- [restartedMain] c.l.t.t.TodoManagerApplication           : Started TodoManagerApplication in 7.125 seconds (process running for 8.761)
2023-10-30T12:31:53.707+05:30  INFO 6188 --- [http-nio-8080-exec-1] o.a.c.c.C.[Tomcat].[localhost].[/]       : Initializing Spring DispatcherServlet 'dispatcherServlet'
2023-10-30T12:31:53.708+05:30  INFO 6188 --- [http-nio-8080-exec-1] o.s.web.servlet.DispatcherServlet        : Initializing Servlet 'dispatcherServlet'
2023-10-30T12:31:53.710+05:30  INFO 6188 --- [http-nio-8080-exec-1] o.s.web.servlet.DispatcherServlet        : Completed initialization in 1 ms
2023-10-30T12:31:53.866+05:30  INFO 6188 --- [http-nio-8080-exec-1] c.l.t.t.Controller.TodoController        : creating todo
2023-10-30T12:31:53.866+05:30  INFO 6188 --- [http-nio-8080-exec-1] c.l.t.todomanager.services.TodoService   : Todos [com.lcwd.todomanager.todomanager.models.Todo@48bfb879]
2023-10-30T12:42:03.157+05:30  INFO 16460 --- [restartedMain] c.l.t.t.TodoManagerApplication           : Starting TodoManagerApplication using Java 20.0.2 with PID 16460 (C:\Users\ghosh\OneDrive\Desktop\todo-manager\todo-manager\target\classes started by ghosh in C:\Users\ghosh\OneDrive\Desktop\todo-manager)
2023-10-30T12:42:03.161+05:30  INFO 16460 --- [restartedMain] c.l.t.t.TodoManagerApplication           : No active profile set, falling back to 1 default profile: "default"
2023-10-30T12:42:03.273+05:30  INFO 16460 --- [restartedMain] .e.DevToolsPropertyDefaultsPostProcessor : Devtools property defaults active! Set 'spring.devtools.add-properties' to 'false' to disable
2023-10-30T12:42:03.273+05:30  INFO 16460 --- [restartedMain] .e.DevToolsPropertyDefaultsPostProcessor : For additional web related logging consider setting the 'logging.level.web' property to 'DEBUG'
2023-10-30T12:42:06.148+05:30  INFO 16460 --- [restartedMain] o.s.b.w.embedded.tomcat.TomcatWebServer  : Tomcat initialized with port(s): 8080 (http)
2023-10-30T12:42:06.170+05:30  INFO 16460 --- [restartedMain] o.apache.catalina.core.StandardService   : Starting service [Tomcat]
2023-10-30T12:42:06.171+05:30  INFO 16460 --- [restartedMain] o.apache.catalina.core.StandardEngine    : Starting Servlet engine: [Apache Tomcat/10.1.15]
2023-10-30T12:42:06.313+05:30  INFO 16460 --- [restartedMain] o.a.c.c.C.[Tomcat].[localhost].[/]       : Initializing Spring embedded WebApplicationContext
2023-10-30T12:42:06.314+05:30  INFO 16460 --- [restartedMain] w.s.c.ServletWebServerApplicationContext : Root WebApplicationContext: initialization completed in 3040 ms
2023-10-30T12:42:07.471+05:30  INFO 16460 --- [restartedMain] o.s.b.d.a.OptionalLiveReloadServer       : LiveReload server is running on port 35729
2023-10-30T12:42:07.560+05:30  INFO 16460 --- [restartedMain] o.s.b.w.embedded.tomcat.TomcatWebServer  : Tomcat started on port(s): 8080 (http) with context path ''
2023-10-30T12:42:07.586+05:30  INFO 16460 --- [restartedMain] c.l.t.t.TodoManagerApplication           : Started TodoManagerApplication in 5.33 seconds (process running for 6.424)
2023-10-30T12:42:14.490+05:30  INFO 16460 --- [http-nio-8080-exec-1] o.a.c.c.C.[Tomcat].[localhost].[/]       : Initializing Spring DispatcherServlet 'dispatcherServlet'
2023-10-30T12:42:14.492+05:30  INFO 16460 --- [http-nio-8080-exec-1] o.s.web.servlet.DispatcherServlet        : Initializing Servlet 'dispatcherServlet'
2023-10-30T12:42:14.497+05:30  INFO 16460 --- [http-nio-8080-exec-1] o.s.web.servlet.DispatcherServlet        : Completed initialization in 3 ms
2023-10-30T12:42:14.804+05:30  INFO 16460 --- [http-nio-8080-exec-1] c.l.t.t.Controller.TodoController        : creating todo
2023-10-30T12:42:14.806+05:30  INFO 16460 --- [http-nio-8080-exec-1] c.l.t.todomanager.services.TodoService   : Todos [com.lcwd.todomanager.todomanager.models.Todo@40fbed2f]
2023-10-30T12:42:17.074+05:30  INFO 16460 --- [http-nio-8080-exec-3] c.l.t.t.Controller.TodoController        : creating todo
2023-10-30T12:42:17.074+05:30  INFO 16460 --- [http-nio-8080-exec-3] c.l.t.todomanager.services.TodoService   : Todos [com.lcwd.todomanager.todomanager.models.Todo@40fbed2f, com.lcwd.todomanager.todomanager.models.Todo@5f8b5a6a]
2023-10-30T12:42:18.259+05:30  INFO 16460 --- [http-nio-8080-exec-4] c.l.t.t.Controller.TodoController        : creating todo
2023-10-30T12:42:18.259+05:30  INFO 16460 --- [http-nio-8080-exec-4] c.l.t.todomanager.services.TodoService   : Todos [com.lcwd.todomanager.todomanager.models.Todo@40fbed2f, com.lcwd.todomanager.todomanager.models.Todo@5f8b5a6a, com.lcwd.todomanager.todomanager.models.Todo@4d6139fb]
2023-10-30T12:47:33.716+05:30  INFO 17836 --- [restartedMain] c.l.t.t.TodoManagerApplication           : Starting TodoManagerApplication using Java 20.0.2 with PID 17836 (C:\Users\ghosh\OneDrive\Desktop\todo-manager\todo-manager\target\classes started by ghosh in C:\Users\ghosh\OneDrive\Desktop\todo-manager)
2023-10-30T12:47:33.722+05:30  INFO 17836 --- [restartedMain] c.l.t.t.TodoManagerApplication           : No active profile set, falling back to 1 default profile: "default"
2023-10-30T12:47:33.871+05:30  INFO 17836 --- [restartedMain] .e.DevToolsPropertyDefaultsPostProcessor : Devtools property defaults active! Set 'spring.devtools.add-properties' to 'false' to disable
2023-10-30T12:47:33.872+05:30  INFO 17836 --- [restartedMain] .e.DevToolsPropertyDefaultsPostProcessor : For additional web related logging consider setting the 'logging.level.web' property to 'DEBUG'
2023-10-30T12:47:37.350+05:30  INFO 17836 --- [restartedMain] o.s.b.w.embedded.tomcat.TomcatWebServer  : Tomcat initialized with port(s): 8080 (http)
2023-10-30T12:47:37.374+05:30  INFO 17836 --- [restartedMain] o.apache.catalina.core.StandardService   : Starting service [Tomcat]
2023-10-30T12:47:37.375+05:30  INFO 17836 --- [restartedMain] o.apache.catalina.core.StandardEngine    : Starting Servlet engine: [Apache Tomcat/10.1.15]
2023-10-30T12:47:37.534+05:30  INFO 17836 --- [restartedMain] o.a.c.c.C.[Tomcat].[localhost].[/]       : Initializing Spring embedded WebApplicationContext
2023-10-30T12:47:37.535+05:30  INFO 17836 --- [restartedMain] w.s.c.ServletWebServerApplicationContext : Root WebApplicationContext: initialization completed in 3662 ms
2023-10-30T12:47:38.689+05:30  INFO 17836 --- [restartedMain] o.s.b.d.a.OptionalLiveReloadServer       : LiveReload server is running on port 35729
2023-10-30T12:47:38.805+05:30  INFO 17836 --- [restartedMain] o.s.b.w.embedded.tomcat.TomcatWebServer  : Tomcat started on port(s): 8080 (http) with context path ''
2023-10-30T12:47:38.831+05:30  INFO 17836 --- [restartedMain] c.l.t.t.TodoManagerApplication           : Started TodoManagerApplication in 6.848 seconds (process running for 8.994)
2023-10-30T12:47:43.382+05:30  INFO 17836 --- [http-nio-8080-exec-2] o.a.c.c.C.[Tomcat].[localhost].[/]       : Initializing Spring DispatcherServlet 'dispatcherServlet'
2023-10-30T12:47:43.383+05:30  INFO 17836 --- [http-nio-8080-exec-2] o.s.web.servlet.DispatcherServlet        : Initializing Servlet 'dispatcherServlet'
2023-10-30T12:47:43.387+05:30  INFO 17836 --- [http-nio-8080-exec-2] o.s.web.servlet.DispatcherServlet        : Completed initialization in 3 ms
2023-10-30T12:47:43.671+05:30  INFO 17836 --- [http-nio-8080-exec-2] c.l.t.t.Controller.TodoController        : creating todo
2023-10-30T12:47:43.672+05:30  INFO 17836 --- [http-nio-8080-exec-2] c.l.t.todomanager.services.TodoService   : Todos [com.lcwd.todomanager.todomanager.models.Todo@4270d284]
2023-10-30T12:54:13.599+05:30  INFO 14892 --- [restartedMain] c.l.t.t.TodoManagerApplication           : Starting TodoManagerApplication using Java 20.0.2 with PID 14892 (C:\Users\ghosh\OneDrive\Desktop\todo-manager\todo-manager\target\classes started by ghosh in C:\Users\ghosh\OneDrive\Desktop\todo-manager)
2023-10-30T12:54:13.604+05:30  INFO 14892 --- [restartedMain] c.l.t.t.TodoManagerApplication           : No active profile set, falling back to 1 default profile: "default"
2023-10-30T12:54:13.753+05:30  INFO 14892 --- [restartedMain] .e.DevToolsPropertyDefaultsPostProcessor : Devtools property defaults active! Set 'spring.devtools.add-properties' to 'false' to disable
2023-10-30T12:54:13.754+05:30  INFO 14892 --- [restartedMain] .e.DevToolsPropertyDefaultsPostProcessor : For additional web related logging consider setting the 'logging.level.web' property to 'DEBUG'
2023-10-30T12:54:16.315+05:30  INFO 14892 --- [restartedMain] o.s.b.w.embedded.tomcat.TomcatWebServer  : Tomcat initialized with port(s): 8080 (http)
2023-10-30T12:54:16.340+05:30  INFO 14892 --- [restartedMain] o.apache.catalina.core.StandardService   : Starting service [Tomcat]
2023-10-30T12:54:16.341+05:30  INFO 14892 --- [restartedMain] o.apache.catalina.core.StandardEngine    : Starting Servlet engine: [Apache Tomcat/10.1.15]
2023-10-30T12:54:16.468+05:30  INFO 14892 --- [restartedMain] o.a.c.c.C.[Tomcat].[localhost].[/]       : Initializing Spring embedded WebApplicationContext
2023-10-30T12:54:16.469+05:30  INFO 14892 --- [restartedMain] w.s.c.ServletWebServerApplicationContext : Root WebApplicationContext: initialization completed in 2713 ms
2023-10-30T12:54:17.549+05:30  INFO 14892 --- [restartedMain] o.s.b.d.a.OptionalLiveReloadServer       : LiveReload server is running on port 35729
2023-10-30T12:54:17.660+05:30  INFO 14892 --- [restartedMain] o.s.b.w.embedded.tomcat.TomcatWebServer  : Tomcat started on port(s): 8080 (http) with context path ''
2023-10-30T12:54:17.683+05:30  INFO 14892 --- [restartedMain] c.l.t.t.TodoManagerApplication           : Started TodoManagerApplication in 5.42 seconds (process running for 7.453)
2023-10-30T12:55:08.076+05:30  INFO 9244 --- [restartedMain] c.l.t.t.TodoManagerApplication           : Starting TodoManagerApplication using Java 20.0.2 with PID 9244 (C:\Users\ghosh\OneDrive\Desktop\todo-manager\todo-manager\target\classes started by ghosh in C:\Users\ghosh\OneDrive\Desktop\todo-manager)
2023-10-30T12:55:08.082+05:30  INFO 9244 --- [restartedMain] c.l.t.t.TodoManagerApplication           : No active profile set, falling back to 1 default profile: "default"
2023-10-30T12:55:08.247+05:30  INFO 9244 --- [restartedMain] .e.DevToolsPropertyDefaultsPostProcessor : Devtools property defaults active! Set 'spring.devtools.add-properties' to 'false' to disable
2023-10-30T12:55:08.248+05:30  INFO 9244 --- [restartedMain] .e.DevToolsPropertyDefaultsPostProcessor : For additional web related logging consider setting the 'logging.level.web' property to 'DEBUG'
2023-10-30T12:55:12.330+05:30  INFO 9244 --- [restartedMain] o.s.b.w.embedded.tomcat.TomcatWebServer  : Tomcat initialized with port(s): 8080 (http)
2023-10-30T12:55:12.362+05:30  INFO 9244 --- [restartedMain] o.apache.catalina.core.StandardService   : Starting service [Tomcat]
2023-10-30T12:55:12.363+05:30  INFO 9244 --- [restartedMain] o.apache.catalina.core.StandardEngine    : Starting Servlet engine: [Apache Tomcat/10.1.15]
2023-10-30T12:55:12.526+05:30  INFO 9244 --- [restartedMain] o.a.c.c.C.[Tomcat].[localhost].[/]       : Initializing Spring embedded WebApplicationContext
2023-10-30T12:55:12.527+05:30  INFO 9244 --- [restartedMain] w.s.c.ServletWebServerApplicationContext : Root WebApplicationContext: initialization completed in 4277 ms
2023-10-30T12:55:13.723+05:30  INFO 9244 --- [restartedMain] o.s.b.d.a.OptionalLiveReloadServer       : LiveReload server is running on port 35729
2023-10-30T12:55:13.839+05:30  INFO 9244 --- [restartedMain] o.s.b.w.embedded.tomcat.TomcatWebServer  : Tomcat started on port(s): 8080 (http) with context path ''
2023-10-30T12:55:13.891+05:30  INFO 9244 --- [restartedMain] c.l.t.t.TodoManagerApplication           : Started TodoManagerApplication in 7.187 seconds (process running for 8.745)
2023-10-30T12:55:24.722+05:30  INFO 9244 --- [http-nio-8080-exec-2] o.a.c.c.C.[Tomcat].[localhost].[/]       : Initializing Spring DispatcherServlet 'dispatcherServlet'
2023-10-30T12:55:24.722+05:30  INFO 9244 --- [http-nio-8080-exec-2] o.s.web.servlet.DispatcherServlet        : Initializing Servlet 'dispatcherServlet'
2023-10-30T12:55:24.724+05:30  INFO 9244 --- [http-nio-8080-exec-2] o.s.web.servlet.DispatcherServlet        : Completed initialization in 2 ms
2023-10-30T12:55:36.075+05:30  INFO 9244 --- [http-nio-8080-exec-5] c.l.t.t.Controller.TodoController        : creating todo
2023-10-30T12:55:36.076+05:30  INFO 9244 --- [http-nio-8080-exec-5] c.l.t.todomanager.services.TodoService   : Todos [com.lcwd.todomanager.todomanager.models.Todo@5b33e853]
2023-10-30T12:55:37.084+05:30  INFO 9244 --- [http-nio-8080-exec-6] c.l.t.t.Controller.TodoController        : creating todo
2023-10-30T12:55:37.084+05:30  INFO 9244 --- [http-nio-8080-exec-6] c.l.t.todomanager.services.TodoService   : Todos [com.lcwd.todomanager.todomanager.models.Todo@5b33e853, com.lcwd.todomanager.todomanager.models.Todo@4e31b59d]
2023-10-30T12:55:38.120+05:30  INFO 9244 --- [http-nio-8080-exec-9] c.l.t.t.Controller.TodoController        : creating todo
2023-10-30T12:55:38.121+05:30  INFO 9244 --- [http-nio-8080-exec-9] c.l.t.todomanager.services.TodoService   : Todos [com.lcwd.todomanager.todomanager.models.Todo@5b33e853, com.lcwd.todomanager.todomanager.models.Todo@4e31b59d, com.lcwd.todomanager.todomanager.models.Todo@1b2e9e22]
2023-10-30T12:55:39.220+05:30  INFO 9244 --- [http-nio-8080-exec-10] c.l.t.t.Controller.TodoController        : creating todo
2023-10-30T12:55:39.221+05:30  INFO 9244 --- [http-nio-8080-exec-10] c.l.t.todomanager.services.TodoService   : Todos [com.lcwd.todomanager.todomanager.models.Todo@5b33e853, com.lcwd.todomanager.todomanager.models.Todo@4e31b59d, com.lcwd.todomanager.todomanager.models.Todo@1b2e9e22, com.lcwd.todomanager.todomanager.models.Todo@33e6febf]
2023-10-30T12:55:59.918+05:30  INFO 9244 --- [http-nio-8080-exec-4] c.l.t.t.Controller.TodoController        : creating todo
2023-10-30T12:55:59.918+05:30  INFO 9244 --- [http-nio-8080-exec-4] c.l.t.todomanager.services.TodoService   : Todos [com.lcwd.todomanager.todomanager.models.Todo@5b33e853, com.lcwd.todomanager.todomanager.models.Todo@4e31b59d, com.lcwd.todomanager.todomanager.models.Todo@1b2e9e22, com.lcwd.todomanager.todomanager.models.Todo@33e6febf, com.lcwd.todomanager.todomanager.models.Todo@cbe050e]
2023-10-30T12:56:00.688+05:30  INFO 9244 --- [http-nio-8080-exec-7] c.l.t.t.Controller.TodoController        : creating todo
2023-10-30T12:56:00.688+05:30  INFO 9244 --- [http-nio-8080-exec-7] c.l.t.todomanager.services.TodoService   : Todos [com.lcwd.todomanager.todomanager.models.Todo@5b33e853, com.lcwd.todomanager.todomanager.models.Todo@4e31b59d, com.lcwd.todomanager.todomanager.models.Todo@1b2e9e22, com.lcwd.todomanager.todomanager.models.Todo@33e6febf, com.lcwd.todomanager.todomanager.models.Todo@cbe050e, com.lcwd.todomanager.todomanager.models.Todo@1f5cd0d3]
2023-10-30T12:56:01.342+05:30  INFO 9244 --- [http-nio-8080-exec-8] c.l.t.t.Controller.TodoController        : creating todo
2023-10-30T12:56:01.342+05:30  INFO 9244 --- [http-nio-8080-exec-8] c.l.t.todomanager.services.TodoService   : Todos [com.lcwd.todomanager.todomanager.models.Todo@5b33e853, com.lcwd.todomanager.todomanager.models.Todo@4e31b59d, com.lcwd.todomanager.todomanager.models.Todo@1b2e9e22, com.lcwd.todomanager.todomanager.models.Todo@33e6febf, com.lcwd.todomanager.todomanager.models.Todo@cbe050e, com.lcwd.todomanager.todomanager.models.Todo@1f5cd0d3, com.lcwd.todomanager.todomanager.models.Todo@5ebb94e1]
2023-10-30T12:56:01.953+05:30  INFO 9244 --- [http-nio-8080-exec-1] c.l.t.t.Controller.TodoController        : creating todo
2023-10-30T12:56:01.953+05:30  INFO 9244 --- [http-nio-8080-exec-1] c.l.t.todomanager.services.TodoService   : Todos [com.lcwd.todomanager.todomanager.models.Todo@5b33e853, com.lcwd.todomanager.todomanager.models.Todo@4e31b59d, com.lcwd.todomanager.todomanager.models.Todo@1b2e9e22, com.lcwd.todomanager.todomanager.models.Todo@33e6febf, com.lcwd.todomanager.todomanager.models.Todo@cbe050e, com.lcwd.todomanager.todomanager.models.Todo@1f5cd0d3, com.lcwd.todomanager.todomanager.models.Todo@5ebb94e1, com.lcwd.todomanager.todomanager.models.Todo@36d1f860]
2023-10-30T12:56:02.495+05:30  INFO 9244 --- [http-nio-8080-exec-2] c.l.t.t.Controller.TodoController        : creating todo
2023-10-30T12:56:02.495+05:30  INFO 9244 --- [http-nio-8080-exec-2] c.l.t.todomanager.services.TodoService   : Todos [com.lcwd.todomanager.todomanager.models.Todo@5b33e853, com.lcwd.todomanager.todomanager.models.Todo@4e31b59d, com.lcwd.todomanager.todomanager.models.Todo@1b2e9e22, com.lcwd.todomanager.todomanager.models.Todo@33e6febf, com.lcwd.todomanager.todomanager.models.Todo@cbe050e, com.lcwd.todomanager.todomanager.models.Todo@1f5cd0d3, com.lcwd.todomanager.todomanager.models.Todo@5ebb94e1, com.lcwd.todomanager.todomanager.models.Todo@36d1f860, com.lcwd.todomanager.todomanager.models.Todo@30481673]
2023-10-30T13:12:36.400+05:30  INFO 13664 --- [restartedMain] c.l.t.t.TodoManagerApplication           : Starting TodoManagerApplication using Java 20.0.2 with PID 13664 (C:\Users\ghosh\OneDrive\Desktop\todo-manager\todo-manager\target\classes started by ghosh in C:\Users\ghosh\OneDrive\Desktop\todo-manager)
2023-10-30T13:12:36.406+05:30  INFO 13664 --- [restartedMain] c.l.t.t.TodoManagerApplication           : No active profile set, falling back to 1 default profile: "default"
2023-10-30T13:12:36.551+05:30  INFO 13664 --- [restartedMain] .e.DevToolsPropertyDefaultsPostProcessor : Devtools property defaults active! Set 'spring.devtools.add-properties' to 'false' to disable
2023-10-30T13:12:36.552+05:30  INFO 13664 --- [restartedMain] .e.DevToolsPropertyDefaultsPostProcessor : For additional web related logging consider setting the 'logging.level.web' property to 'DEBUG'
2023-10-30T13:12:39.525+05:30  INFO 13664 --- [restartedMain] o.s.b.w.embedded.tomcat.TomcatWebServer  : Tomcat initialized with port(s): 8080 (http)
2023-10-30T13:12:39.555+05:30  INFO 13664 --- [restartedMain] o.apache.catalina.core.StandardService   : Starting service [Tomcat]
2023-10-30T13:12:39.555+05:30  INFO 13664 --- [restartedMain] o.apache.catalina.core.StandardEngine    : Starting Servlet engine: [Apache Tomcat/10.1.15]
2023-10-30T13:12:39.704+05:30  INFO 13664 --- [restartedMain] o.a.c.c.C.[Tomcat].[localhost].[/]       : Initializing Spring embedded WebApplicationContext
2023-10-30T13:12:39.705+05:30  INFO 13664 --- [restartedMain] w.s.c.ServletWebServerApplicationContext : Root WebApplicationContext: initialization completed in 3150 ms
2023-10-30T13:12:40.515+05:30  INFO 13664 --- [restartedMain] o.s.b.d.a.OptionalLiveReloadServer       : LiveReload server is running on port 35729
2023-10-30T13:12:40.583+05:30  INFO 13664 --- [restartedMain] o.s.b.w.embedded.tomcat.TomcatWebServer  : Tomcat started on port(s): 8080 (http) with context path ''
2023-10-30T13:12:40.605+05:30  INFO 13664 --- [restartedMain] c.l.t.t.TodoManagerApplication           : Started TodoManagerApplication in 5.228 seconds (process running for 6.11)
2023-10-30T13:13:01.930+05:30  INFO 13664 --- [http-nio-8080-exec-1] o.a.c.c.C.[Tomcat].[localhost].[/]       : Initializing Spring DispatcherServlet 'dispatcherServlet'
2023-10-30T13:13:01.932+05:30  INFO 13664 --- [http-nio-8080-exec-1] o.s.web.servlet.DispatcherServlet        : Initializing Servlet 'dispatcherServlet'
2023-10-30T13:13:01.936+05:30  INFO 13664 --- [http-nio-8080-exec-1] o.s.web.servlet.DispatcherServlet        : Completed initialization in 4 ms
2023-10-30T13:13:02.027+05:30 ERROR 13664 --- [http-nio-8080-exec-1] o.a.c.c.C.[.[.[/].[dispatcherServlet]    : Servlet.service() for servlet [dispatcherServlet] in context with path [] threw exception [Request processing failed: java.util.NoSuchElementException: No value present] with root cause

java.util.NoSuchElementException: No value present
	at java.base/java.util.Optional.get(Optional.java:143) ~[na:na]
	at com.lcwd.todomanager.todomanager.services.TodoService.getSingleTodoService(TodoService.java:54) ~[classes/:na]
	at com.lcwd.todomanager.todomanager.Controller.TodoController.getSingleTodo(TodoController.java:52) ~[classes/:na]
	at java.base/jdk.internal.reflect.DirectMethodHandleAccessor.invoke(DirectMethodHandleAccessor.java:104) ~[na:na]
	at java.base/java.lang.reflect.Method.invoke(Method.java:578) ~[na:na]
	at org.springframework.web.method.support.InvocableHandlerMethod.doInvoke(InvocableHandlerMethod.java:205) ~[spring-web-6.0.13.jar:6.0.13]
	at org.springframework.web.method.support.InvocableHandlerMethod.invokeForRequest(InvocableHandlerMethod.java:150) ~[spring-web-6.0.13.jar:6.0.13]
	at org.springframework.web.servlet.mvc.method.annotation.ServletInvocableHandlerMethod.invokeAndHandle(ServletInvocableHandlerMethod.java:118) ~[spring-webmvc-6.0.13.jar:6.0.13]
	at org.springframework.web.servlet.mvc.method.annotation.RequestMappingHandlerAdapter.invokeHandlerMethod(RequestMappingHandlerAdapter.java:884) ~[spring-webmvc-6.0.13.jar:6.0.13]
	at org.springframework.web.servlet.mvc.method.annotation.RequestMappingHandlerAdapter.handleInternal(RequestMappingHandlerAdapter.java:797) ~[spring-webmvc-6.0.13.jar:6.0.13]
	at org.springframework.web.servlet.mvc.method.AbstractHandlerMethodAdapter.handle(AbstractHandlerMethodAdapter.java:87) ~[spring-webmvc-6.0.13.jar:6.0.13]
	at org.springframework.web.servlet.DispatcherServlet.doDispatch(DispatcherServlet.java:1081) ~[spring-webmvc-6.0.13.jar:6.0.13]
	at org.springframework.web.servlet.DispatcherServlet.doService(DispatcherServlet.java:974) ~[spring-webmvc-6.0.13.jar:6.0.13]
	at org.springframework.web.servlet.FrameworkServlet.processRequest(FrameworkServlet.java:1011) ~[spring-webmvc-6.0.13.jar:6.0.13]
	at org.springframework.web.servlet.FrameworkServlet.doGet(FrameworkServlet.java:903) ~[spring-webmvc-6.0.13.jar:6.0.13]
	at jakarta.servlet.http.HttpServlet.service(HttpServlet.java:564) ~[tomcat-embed-core-10.1.15.jar:6.0]
	at org.springframework.web.servlet.FrameworkServlet.service(FrameworkServlet.java:885) ~[spring-webmvc-6.0.13.jar:6.0.13]
	at jakarta.servlet.http.HttpServlet.service(HttpServlet.java:658) ~[tomcat-embed-core-10.1.15.jar:6.0]
	at org.apache.catalina.core.ApplicationFilterChain.internalDoFilter(ApplicationFilterChain.java:205) ~[tomcat-embed-core-10.1.15.jar:10.1.15]
	at org.apache.catalina.core.ApplicationFilterChain.doFilter(ApplicationFilterChain.java:149) ~[tomcat-embed-core-10.1.15.jar:10.1.15]
	at org.apache.tomcat.websocket.server.WsFilter.doFilter(WsFilter.java:51) ~[tomcat-embed-websocket-10.1.15.jar:10.1.15]
	at org.apache.catalina.core.ApplicationFilterChain.internalDoFilter(ApplicationFilterChain.java:174) ~[tomcat-embed-core-10.1.15.jar:10.1.15]
	at org.apache.catalina.core.ApplicationFilterChain.doFilter(ApplicationFilterChain.java:149) ~[tomcat-embed-core-10.1.15.jar:10.1.15]
	at org.springframework.web.filter.RequestContextFilter.doFilterInternal(RequestContextFilter.java:100) ~[spring-web-6.0.13.jar:6.0.13]
	at org.springframework.web.filter.OncePerRequestFilter.doFilter(OncePerRequestFilter.java:116) ~[spring-web-6.0.13.jar:6.0.13]
	at org.apache.catalina.core.ApplicationFilterChain.internalDoFilter(ApplicationFilterChain.java:174) ~[tomcat-embed-core-10.1.15.jar:10.1.15]
	at org.apache.catalina.core.ApplicationFilterChain.doFilter(ApplicationFilterChain.java:149) ~[tomcat-embed-core-10.1.15.jar:10.1.15]
	at org.springframework.web.filter.FormContentFilter.doFilterInternal(FormContentFilter.java:93) ~[spring-web-6.0.13.jar:6.0.13]
	at org.springframework.web.filter.OncePerRequestFilter.doFilter(OncePerRequestFilter.java:116) ~[spring-web-6.0.13.jar:6.0.13]
	at org.apache.catalina.core.ApplicationFilterChain.internalDoFilter(ApplicationFilterChain.java:174) ~[tomcat-embed-core-10.1.15.jar:10.1.15]
	at org.apache.catalina.core.ApplicationFilterChain.doFilter(ApplicationFilterChain.java:149) ~[tomcat-embed-core-10.1.15.jar:10.1.15]
	at org.springframework.web.filter.CharacterEncodingFilter.doFilterInternal(CharacterEncodingFilter.java:201) ~[spring-web-6.0.13.jar:6.0.13]
	at org.springframework.web.filter.OncePerRequestFilter.doFilter(OncePerRequestFilter.java:116) ~[spring-web-6.0.13.jar:6.0.13]
	at org.apache.catalina.core.ApplicationFilterChain.internalDoFilter(ApplicationFilterChain.java:174) ~[tomcat-embed-core-10.1.15.jar:10.1.15]
	at org.apache.catalina.core.ApplicationFilterChain.doFilter(ApplicationFilterChain.java:149) ~[tomcat-embed-core-10.1.15.jar:10.1.15]
	at org.apache.catalina.core.StandardWrapperValve.invoke(StandardWrapperValve.java:167) ~[tomcat-embed-core-10.1.15.jar:10.1.15]
	at org.apache.catalina.core.StandardContextValve.invoke(StandardContextValve.java:90) ~[tomcat-embed-core-10.1.15.jar:10.1.15]
	at org.apache.catalina.authenticator.AuthenticatorBase.invoke(AuthenticatorBase.java:482) ~[tomcat-embed-core-10.1.15.jar:10.1.15]
	at org.apache.catalina.core.StandardHostValve.invoke(StandardHostValve.java:115) ~[tomcat-embed-core-10.1.15.jar:10.1.15]
	at org.apache.catalina.valves.ErrorReportValve.invoke(ErrorReportValve.java:93) ~[tomcat-embed-core-10.1.15.jar:10.1.15]
	at org.apache.catalina.core.StandardEngineValve.invoke(StandardEngineValve.java:74) ~[tomcat-embed-core-10.1.15.jar:10.1.15]
	at org.apache.catalina.connector.CoyoteAdapter.service(CoyoteAdapter.java:340) ~[tomcat-embed-core-10.1.15.jar:10.1.15]
	at org.apache.coyote.http11.Http11Processor.service(Http11Processor.java:391) ~[tomcat-embed-core-10.1.15.jar:10.1.15]
	at org.apache.coyote.AbstractProcessorLight.process(AbstractProcessorLight.java:63) ~[tomcat-embed-core-10.1.15.jar:10.1.15]
	at org.apache.coyote.AbstractProtocol$ConnectionHandler.process(AbstractProtocol.java:896) ~[tomcat-embed-core-10.1.15.jar:10.1.15]
	at org.apache.tomcat.util.net.NioEndpoint$SocketProcessor.doRun(NioEndpoint.java:1744) ~[tomcat-embed-core-10.1.15.jar:10.1.15]
	at org.apache.tomcat.util.net.SocketProcessorBase.run(SocketProcessorBase.java:52) ~[tomcat-embed-core-10.1.15.jar:10.1.15]
	at org.apache.tomcat.util.threads.ThreadPoolExecutor.runWorker(ThreadPoolExecutor.java:1191) ~[tomcat-embed-core-10.1.15.jar:10.1.15]
	at org.apache.tomcat.util.threads.ThreadPoolExecutor$Worker.run(ThreadPoolExecutor.java:659) ~[tomcat-embed-core-10.1.15.jar:10.1.15]
	at org.apache.tomcat.util.threads.TaskThread$WrappingRunnable.run(TaskThread.java:61) ~[tomcat-embed-core-10.1.15.jar:10.1.15]
	at java.base/java.lang.Thread.run(Thread.java:1623) ~[na:na]

2023-10-30T13:13:09.532+05:30  INFO 13664 --- [http-nio-8080-exec-5] c.l.t.t.Controller.TodoController        : creating todo
2023-10-30T13:13:09.533+05:30  INFO 13664 --- [http-nio-8080-exec-5] c.l.t.todomanager.services.TodoService   : Todos [com.lcwd.todomanager.todomanager.models.Todo@3baf999a]
2023-10-30T13:13:15.880+05:30  INFO 13664 --- [http-nio-8080-exec-4] c.l.t.t.Controller.TodoController        : creating todo
2023-10-30T13:13:15.881+05:30  INFO 13664 --- [http-nio-8080-exec-4] c.l.t.todomanager.services.TodoService   : Todos [com.lcwd.todomanager.todomanager.models.Todo@3baf999a, com.lcwd.todomanager.todomanager.models.Todo@51b5b111]
2023-10-30T13:13:22.684+05:30  WARN 13664 --- [http-nio-8080-exec-6] .w.s.m.s.DefaultHandlerExceptionResolver : Resolved [org.springframework.web.HttpRequestMethodNotSupportedException: Request method 'GET' is not supported]
2023-10-30T13:16:51.951+05:30  INFO 5264 --- [restartedMain] c.l.t.t.TodoManagerApplication           : Starting TodoManagerApplication using Java 20.0.2 with PID 5264 (C:\Users\ghosh\OneDrive\Desktop\todo-manager\todo-manager\target\classes started by ghosh in C:\Users\ghosh\OneDrive\Desktop\todo-manager)
2023-10-30T13:16:51.956+05:30  INFO 5264 --- [restartedMain] c.l.t.t.TodoManagerApplication           : No active profile set, falling back to 1 default profile: "default"
2023-10-30T13:16:52.082+05:30  INFO 5264 --- [restartedMain] .e.DevToolsPropertyDefaultsPostProcessor : Devtools property defaults active! Set 'spring.devtools.add-properties' to 'false' to disable
2023-10-30T13:16:52.083+05:30  INFO 5264 --- [restartedMain] .e.DevToolsPropertyDefaultsPostProcessor : For additional web related logging consider setting the 'logging.level.web' property to 'DEBUG'
2023-10-30T13:16:54.084+05:30  INFO 5264 --- [restartedMain] o.s.b.w.embedded.tomcat.TomcatWebServer  : Tomcat initialized with port(s): 8080 (http)
2023-10-30T13:16:54.103+05:30  INFO 5264 --- [restartedMain] o.apache.catalina.core.StandardService   : Starting service [Tomcat]
2023-10-30T13:16:54.105+05:30  INFO 5264 --- [restartedMain] o.apache.catalina.core.StandardEngine    : Starting Servlet engine: [Apache Tomcat/10.1.15]
2023-10-30T13:16:54.225+05:30  INFO 5264 --- [restartedMain] o.a.c.c.C.[Tomcat].[localhost].[/]       : Initializing Spring embedded WebApplicationContext
2023-10-30T13:16:54.226+05:30  INFO 5264 --- [restartedMain] w.s.c.ServletWebServerApplicationContext : Root WebApplicationContext: initialization completed in 2141 ms
2023-10-30T13:16:55.103+05:30  INFO 5264 --- [restartedMain] o.s.b.d.a.OptionalLiveReloadServer       : LiveReload server is running on port 35729
2023-10-30T13:16:55.175+05:30  INFO 5264 --- [restartedMain] o.s.b.w.embedded.tomcat.TomcatWebServer  : Tomcat started on port(s): 8080 (http) with context path ''
2023-10-30T13:16:55.195+05:30  INFO 5264 --- [restartedMain] c.l.t.t.TodoManagerApplication           : Started TodoManagerApplication in 4.184 seconds (process running for 5.136)
2023-10-30T13:17:05.325+05:30  INFO 5264 --- [http-nio-8080-exec-2] o.a.c.c.C.[Tomcat].[localhost].[/]       : Initializing Spring DispatcherServlet 'dispatcherServlet'
2023-10-30T13:17:05.325+05:30  INFO 5264 --- [http-nio-8080-exec-2] o.s.web.servlet.DispatcherServlet        : Initializing Servlet 'dispatcherServlet'
2023-10-30T13:17:05.328+05:30  INFO 5264 --- [http-nio-8080-exec-2] o.s.web.servlet.DispatcherServlet        : Completed initialization in 3 ms
2023-10-30T13:17:05.401+05:30 ERROR 5264 --- [http-nio-8080-exec-2] o.a.c.c.C.[.[.[/].[dispatcherServlet]    : Servlet.service() for servlet [dispatcherServlet] in context with path [] threw exception [Request processing failed: java.util.NoSuchElementException: No value present] with root cause

java.util.NoSuchElementException: No value present
	at java.base/java.util.Optional.get(Optional.java:143) ~[na:na]
	at com.lcwd.todomanager.todomanager.services.TodoService.getSingleTodoService(TodoService.java:54) ~[classes/:na]
	at com.lcwd.todomanager.todomanager.Controller.TodoController.getSingleTodo(TodoController.java:52) ~[classes/:na]
	at java.base/jdk.internal.reflect.DirectMethodHandleAccessor.invoke(DirectMethodHandleAccessor.java:104) ~[na:na]
	at java.base/java.lang.reflect.Method.invoke(Method.java:578) ~[na:na]
	at org.springframework.web.method.support.InvocableHandlerMethod.doInvoke(InvocableHandlerMethod.java:205) ~[spring-web-6.0.13.jar:6.0.13]
	at org.springframework.web.method.support.InvocableHandlerMethod.invokeForRequest(InvocableHandlerMethod.java:150) ~[spring-web-6.0.13.jar:6.0.13]
	at org.springframework.web.servlet.mvc.method.annotation.ServletInvocableHandlerMethod.invokeAndHandle(ServletInvocableHandlerMethod.java:118) ~[spring-webmvc-6.0.13.jar:6.0.13]
	at org.springframework.web.servlet.mvc.method.annotation.RequestMappingHandlerAdapter.invokeHandlerMethod(RequestMappingHandlerAdapter.java:884) ~[spring-webmvc-6.0.13.jar:6.0.13]
	at org.springframework.web.servlet.mvc.method.annotation.RequestMappingHandlerAdapter.handleInternal(RequestMappingHandlerAdapter.java:797) ~[spring-webmvc-6.0.13.jar:6.0.13]
	at org.springframework.web.servlet.mvc.method.AbstractHandlerMethodAdapter.handle(AbstractHandlerMethodAdapter.java:87) ~[spring-webmvc-6.0.13.jar:6.0.13]
	at org.springframework.web.servlet.DispatcherServlet.doDispatch(DispatcherServlet.java:1081) ~[spring-webmvc-6.0.13.jar:6.0.13]
	at org.springframework.web.servlet.DispatcherServlet.doService(DispatcherServlet.java:974) ~[spring-webmvc-6.0.13.jar:6.0.13]
	at org.springframework.web.servlet.FrameworkServlet.processRequest(FrameworkServlet.java:1011) ~[spring-webmvc-6.0.13.jar:6.0.13]
	at org.springframework.web.servlet.FrameworkServlet.doGet(FrameworkServlet.java:903) ~[spring-webmvc-6.0.13.jar:6.0.13]
	at jakarta.servlet.http.HttpServlet.service(HttpServlet.java:564) ~[tomcat-embed-core-10.1.15.jar:6.0]
	at org.springframework.web.servlet.FrameworkServlet.service(FrameworkServlet.java:885) ~[spring-webmvc-6.0.13.jar:6.0.13]
	at jakarta.servlet.http.HttpServlet.service(HttpServlet.java:658) ~[tomcat-embed-core-10.1.15.jar:6.0]
	at org.apache.catalina.core.ApplicationFilterChain.internalDoFilter(ApplicationFilterChain.java:205) ~[tomcat-embed-core-10.1.15.jar:10.1.15]
	at org.apache.catalina.core.ApplicationFilterChain.doFilter(ApplicationFilterChain.java:149) ~[tomcat-embed-core-10.1.15.jar:10.1.15]
	at org.apache.tomcat.websocket.server.WsFilter.doFilter(WsFilter.java:51) ~[tomcat-embed-websocket-10.1.15.jar:10.1.15]
	at org.apache.catalina.core.ApplicationFilterChain.internalDoFilter(ApplicationFilterChain.java:174) ~[tomcat-embed-core-10.1.15.jar:10.1.15]
	at org.apache.catalina.core.ApplicationFilterChain.doFilter(ApplicationFilterChain.java:149) ~[tomcat-embed-core-10.1.15.jar:10.1.15]
	at org.springframework.web.filter.RequestContextFilter.doFilterInternal(RequestContextFilter.java:100) ~[spring-web-6.0.13.jar:6.0.13]
	at org.springframework.web.filter.OncePerRequestFilter.doFilter(OncePerRequestFilter.java:116) ~[spring-web-6.0.13.jar:6.0.13]
	at org.apache.catalina.core.ApplicationFilterChain.internalDoFilter(ApplicationFilterChain.java:174) ~[tomcat-embed-core-10.1.15.jar:10.1.15]
	at org.apache.catalina.core.ApplicationFilterChain.doFilter(ApplicationFilterChain.java:149) ~[tomcat-embed-core-10.1.15.jar:10.1.15]
	at org.springframework.web.filter.FormContentFilter.doFilterInternal(FormContentFilter.java:93) ~[spring-web-6.0.13.jar:6.0.13]
	at org.springframework.web.filter.OncePerRequestFilter.doFilter(OncePerRequestFilter.java:116) ~[spring-web-6.0.13.jar:6.0.13]
	at org.apache.catalina.core.ApplicationFilterChain.internalDoFilter(ApplicationFilterChain.java:174) ~[tomcat-embed-core-10.1.15.jar:10.1.15]
	at org.apache.catalina.core.ApplicationFilterChain.doFilter(ApplicationFilterChain.java:149) ~[tomcat-embed-core-10.1.15.jar:10.1.15]
	at org.springframework.web.filter.CharacterEncodingFilter.doFilterInternal(CharacterEncodingFilter.java:201) ~[spring-web-6.0.13.jar:6.0.13]
	at org.springframework.web.filter.OncePerRequestFilter.doFilter(OncePerRequestFilter.java:116) ~[spring-web-6.0.13.jar:6.0.13]
	at org.apache.catalina.core.ApplicationFilterChain.internalDoFilter(ApplicationFilterChain.java:174) ~[tomcat-embed-core-10.1.15.jar:10.1.15]
	at org.apache.catalina.core.ApplicationFilterChain.doFilter(ApplicationFilterChain.java:149) ~[tomcat-embed-core-10.1.15.jar:10.1.15]
	at org.apache.catalina.core.StandardWrapperValve.invoke(StandardWrapperValve.java:167) ~[tomcat-embed-core-10.1.15.jar:10.1.15]
	at org.apache.catalina.core.StandardContextValve.invoke(StandardContextValve.java:90) ~[tomcat-embed-core-10.1.15.jar:10.1.15]
	at org.apache.catalina.authenticator.AuthenticatorBase.invoke(AuthenticatorBase.java:482) ~[tomcat-embed-core-10.1.15.jar:10.1.15]
	at org.apache.catalina.core.StandardHostValve.invoke(StandardHostValve.java:115) ~[tomcat-embed-core-10.1.15.jar:10.1.15]
	at org.apache.catalina.valves.ErrorReportValve.invoke(ErrorReportValve.java:93) ~[tomcat-embed-core-10.1.15.jar:10.1.15]
	at org.apache.catalina.core.StandardEngineValve.invoke(StandardEngineValve.java:74) ~[tomcat-embed-core-10.1.15.jar:10.1.15]
	at org.apache.catalina.connector.CoyoteAdapter.service(CoyoteAdapter.java:340) ~[tomcat-embed-core-10.1.15.jar:10.1.15]
	at org.apache.coyote.http11.Http11Processor.service(Http11Processor.java:391) ~[tomcat-embed-core-10.1.15.jar:10.1.15]
	at org.apache.coyote.AbstractProcessorLight.process(AbstractProcessorLight.java:63) ~[tomcat-embed-core-10.1.15.jar:10.1.15]
	at org.apache.coyote.AbstractProtocol$ConnectionHandler.process(AbstractProtocol.java:896) ~[tomcat-embed-core-10.1.15.jar:10.1.15]
	at org.apache.tomcat.util.net.NioEndpoint$SocketProcessor.doRun(NioEndpoint.java:1744) ~[tomcat-embed-core-10.1.15.jar:10.1.15]
	at org.apache.tomcat.util.net.SocketProcessorBase.run(SocketProcessorBase.java:52) ~[tomcat-embed-core-10.1.15.jar:10.1.15]
	at org.apache.tomcat.util.threads.ThreadPoolExecutor.runWorker(ThreadPoolExecutor.java:1191) ~[tomcat-embed-core-10.1.15.jar:10.1.15]
	at org.apache.tomcat.util.threads.ThreadPoolExecutor$Worker.run(ThreadPoolExecutor.java:659) ~[tomcat-embed-core-10.1.15.jar:10.1.15]
	at org.apache.tomcat.util.threads.TaskThread$WrappingRunnable.run(TaskThread.java:61) ~[tomcat-embed-core-10.1.15.jar:10.1.15]
	at java.base/java.lang.Thread.run(Thread.java:1623) ~[na:na]

2023-10-30T13:17:09.923+05:30 ERROR 5264 --- [http-nio-8080-exec-3] o.a.c.c.C.[.[.[/].[dispatcherServlet]    : Servlet.service() for servlet [dispatcherServlet] in context with path [] threw exception [Request processing failed: java.util.NoSuchElementException: No value present] with root cause

java.util.NoSuchElementException: No value present
	at java.base/java.util.Optional.get(Optional.java:143) ~[na:na]
	at com.lcwd.todomanager.todomanager.services.TodoService.getSingleTodoService(TodoService.java:54) ~[classes/:na]
	at com.lcwd.todomanager.todomanager.Controller.TodoController.getSingleTodo(TodoController.java:52) ~[classes/:na]
	at java.base/jdk.internal.reflect.DirectMethodHandleAccessor.invoke(DirectMethodHandleAccessor.java:104) ~[na:na]
	at java.base/java.lang.reflect.Method.invoke(Method.java:578) ~[na:na]
	at org.springframework.web.method.support.InvocableHandlerMethod.doInvoke(InvocableHandlerMethod.java:205) ~[spring-web-6.0.13.jar:6.0.13]
	at org.springframework.web.method.support.InvocableHandlerMethod.invokeForRequest(InvocableHandlerMethod.java:150) ~[spring-web-6.0.13.jar:6.0.13]
	at org.springframework.web.servlet.mvc.method.annotation.ServletInvocableHandlerMethod.invokeAndHandle(ServletInvocableHandlerMethod.java:118) ~[spring-webmvc-6.0.13.jar:6.0.13]
	at org.springframework.web.servlet.mvc.method.annotation.RequestMappingHandlerAdapter.invokeHandlerMethod(RequestMappingHandlerAdapter.java:884) ~[spring-webmvc-6.0.13.jar:6.0.13]
	at org.springframework.web.servlet.mvc.method.annotation.RequestMappingHandlerAdapter.handleInternal(RequestMappingHandlerAdapter.java:797) ~[spring-webmvc-6.0.13.jar:6.0.13]
	at org.springframework.web.servlet.mvc.method.AbstractHandlerMethodAdapter.handle(AbstractHandlerMethodAdapter.java:87) ~[spring-webmvc-6.0.13.jar:6.0.13]
	at org.springframework.web.servlet.DispatcherServlet.doDispatch(DispatcherServlet.java:1081) ~[spring-webmvc-6.0.13.jar:6.0.13]
	at org.springframework.web.servlet.DispatcherServlet.doService(DispatcherServlet.java:974) ~[spring-webmvc-6.0.13.jar:6.0.13]
	at org.springframework.web.servlet.FrameworkServlet.processRequest(FrameworkServlet.java:1011) ~[spring-webmvc-6.0.13.jar:6.0.13]
	at org.springframework.web.servlet.FrameworkServlet.doGet(FrameworkServlet.java:903) ~[spring-webmvc-6.0.13.jar:6.0.13]
	at jakarta.servlet.http.HttpServlet.service(HttpServlet.java:564) ~[tomcat-embed-core-10.1.15.jar:6.0]
	at org.springframework.web.servlet.FrameworkServlet.service(FrameworkServlet.java:885) ~[spring-webmvc-6.0.13.jar:6.0.13]
	at jakarta.servlet.http.HttpServlet.service(HttpServlet.java:658) ~[tomcat-embed-core-10.1.15.jar:6.0]
	at org.apache.catalina.core.ApplicationFilterChain.internalDoFilter(ApplicationFilterChain.java:205) ~[tomcat-embed-core-10.1.15.jar:10.1.15]
	at org.apache.catalina.core.ApplicationFilterChain.doFilter(ApplicationFilterChain.java:149) ~[tomcat-embed-core-10.1.15.jar:10.1.15]
	at org.apache.tomcat.websocket.server.WsFilter.doFilter(WsFilter.java:51) ~[tomcat-embed-websocket-10.1.15.jar:10.1.15]
	at org.apache.catalina.core.ApplicationFilterChain.internalDoFilter(ApplicationFilterChain.java:174) ~[tomcat-embed-core-10.1.15.jar:10.1.15]
	at org.apache.catalina.core.ApplicationFilterChain.doFilter(ApplicationFilterChain.java:149) ~[tomcat-embed-core-10.1.15.jar:10.1.15]
	at org.springframework.web.filter.RequestContextFilter.doFilterInternal(RequestContextFilter.java:100) ~[spring-web-6.0.13.jar:6.0.13]
	at org.springframework.web.filter.OncePerRequestFilter.doFilter(OncePerRequestFilter.java:116) ~[spring-web-6.0.13.jar:6.0.13]
	at org.apache.catalina.core.ApplicationFilterChain.internalDoFilter(ApplicationFilterChain.java:174) ~[tomcat-embed-core-10.1.15.jar:10.1.15]
	at org.apache.catalina.core.ApplicationFilterChain.doFilter(ApplicationFilterChain.java:149) ~[tomcat-embed-core-10.1.15.jar:10.1.15]
	at org.springframework.web.filter.FormContentFilter.doFilterInternal(FormContentFilter.java:93) ~[spring-web-6.0.13.jar:6.0.13]
	at org.springframework.web.filter.OncePerRequestFilter.doFilter(OncePerRequestFilter.java:116) ~[spring-web-6.0.13.jar:6.0.13]
	at org.apache.catalina.core.ApplicationFilterChain.internalDoFilter(ApplicationFilterChain.java:174) ~[tomcat-embed-core-10.1.15.jar:10.1.15]
	at org.apache.catalina.core.ApplicationFilterChain.doFilter(ApplicationFilterChain.java:149) ~[tomcat-embed-core-10.1.15.jar:10.1.15]
	at org.springframework.web.filter.CharacterEncodingFilter.doFilterInternal(CharacterEncodingFilter.java:201) ~[spring-web-6.0.13.jar:6.0.13]
	at org.springframework.web.filter.OncePerRequestFilter.doFilter(OncePerRequestFilter.java:116) ~[spring-web-6.0.13.jar:6.0.13]
	at org.apache.catalina.core.ApplicationFilterChain.internalDoFilter(ApplicationFilterChain.java:174) ~[tomcat-embed-core-10.1.15.jar:10.1.15]
	at org.apache.catalina.core.ApplicationFilterChain.doFilter(ApplicationFilterChain.java:149) ~[tomcat-embed-core-10.1.15.jar:10.1.15]
	at org.apache.catalina.core.StandardWrapperValve.invoke(StandardWrapperValve.java:167) ~[tomcat-embed-core-10.1.15.jar:10.1.15]
	at org.apache.catalina.core.StandardContextValve.invoke(StandardContextValve.java:90) ~[tomcat-embed-core-10.1.15.jar:10.1.15]
	at org.apache.catalina.authenticator.AuthenticatorBase.invoke(AuthenticatorBase.java:482) ~[tomcat-embed-core-10.1.15.jar:10.1.15]
	at org.apache.catalina.core.StandardHostValve.invoke(StandardHostValve.java:115) ~[tomcat-embed-core-10.1.15.jar:10.1.15]
	at org.apache.catalina.valves.ErrorReportValve.invoke(ErrorReportValve.java:93) ~[tomcat-embed-core-10.1.15.jar:10.1.15]
	at org.apache.catalina.core.StandardEngineValve.invoke(StandardEngineValve.java:74) ~[tomcat-embed-core-10.1.15.jar:10.1.15]
	at org.apache.catalina.connector.CoyoteAdapter.service(CoyoteAdapter.java:340) ~[tomcat-embed-core-10.1.15.jar:10.1.15]
	at org.apache.coyote.http11.Http11Processor.service(Http11Processor.java:391) ~[tomcat-embed-core-10.1.15.jar:10.1.15]
	at org.apache.coyote.AbstractProcessorLight.process(AbstractProcessorLight.java:63) ~[tomcat-embed-core-10.1.15.jar:10.1.15]
	at org.apache.coyote.AbstractProtocol$ConnectionHandler.process(AbstractProtocol.java:896) ~[tomcat-embed-core-10.1.15.jar:10.1.15]
	at org.apache.tomcat.util.net.NioEndpoint$SocketProcessor.doRun(NioEndpoint.java:1744) ~[tomcat-embed-core-10.1.15.jar:10.1.15]
	at org.apache.tomcat.util.net.SocketProcessorBase.run(SocketProcessorBase.java:52) ~[tomcat-embed-core-10.1.15.jar:10.1.15]
	at org.apache.tomcat.util.threads.ThreadPoolExecutor.runWorker(ThreadPoolExecutor.java:1191) ~[tomcat-embed-core-10.1.15.jar:10.1.15]
	at org.apache.tomcat.util.threads.ThreadPoolExecutor$Worker.run(ThreadPoolExecutor.java:659) ~[tomcat-embed-core-10.1.15.jar:10.1.15]
	at org.apache.tomcat.util.threads.TaskThread$WrappingRunnable.run(TaskThread.java:61) ~[tomcat-embed-core-10.1.15.jar:10.1.15]
	at java.base/java.lang.Thread.run(Thread.java:1623) ~[na:na]

2023-10-30T13:18:39.614+05:30  INFO 5264 --- [http-nio-8080-exec-5] c.l.t.t.Controller.TodoController        : creating todo
2023-10-30T13:18:39.615+05:30  INFO 5264 --- [http-nio-8080-exec-5] c.l.t.todomanager.services.TodoService   : Todos [com.lcwd.todomanager.todomanager.models.Todo@3baf999a]
2023-10-30T13:18:41.524+05:30  INFO 5264 --- [http-nio-8080-exec-7] c.l.t.t.Controller.TodoController        : creating todo
2023-10-30T13:18:41.524+05:30  INFO 5264 --- [http-nio-8080-exec-7] c.l.t.todomanager.services.TodoService   : Todos [com.lcwd.todomanager.todomanager.models.Todo@3baf999a, com.lcwd.todomanager.todomanager.models.Todo@13178821]
2023-10-30T13:18:42.627+05:30  INFO 5264 --- [http-nio-8080-exec-8] c.l.t.t.Controller.TodoController        : creating todo
2023-10-30T13:18:42.627+05:30  INFO 5264 --- [http-nio-8080-exec-8] c.l.t.todomanager.services.TodoService   : Todos [com.lcwd.todomanager.todomanager.models.Todo@3baf999a, com.lcwd.todomanager.todomanager.models.Todo@13178821, com.lcwd.todomanager.todomanager.models.Todo@2e8374d4]
2023-10-30T13:18:43.495+05:30  INFO 5264 --- [http-nio-8080-exec-10] c.l.t.t.Controller.TodoController        : creating todo
2023-10-30T13:18:43.495+05:30  INFO 5264 --- [http-nio-8080-exec-10] c.l.t.todomanager.services.TodoService   : Todos [com.lcwd.todomanager.todomanager.models.Todo@3baf999a, com.lcwd.todomanager.todomanager.models.Todo@13178821, com.lcwd.todomanager.todomanager.models.Todo@2e8374d4, com.lcwd.todomanager.todomanager.models.Todo@17407c62]
2023-10-30T13:18:45.389+05:30  INFO 5264 --- [http-nio-8080-exec-9] c.l.t.t.Controller.TodoController        : creating todo
2023-10-30T13:18:45.389+05:30  INFO 5264 --- [http-nio-8080-exec-9] c.l.t.todomanager.services.TodoService   : Todos [com.lcwd.todomanager.todomanager.models.Todo@3baf999a, com.lcwd.todomanager.todomanager.models.Todo@13178821, com.lcwd.todomanager.todomanager.models.Todo@2e8374d4, com.lcwd.todomanager.todomanager.models.Todo@17407c62, com.lcwd.todomanager.todomanager.models.Todo@7ea58e17]
2023-10-30T13:19:31.315+05:30 ERROR 5264 --- [http-nio-8080-exec-2] o.a.c.c.C.[.[.[/].[dispatcherServlet]    : Servlet.service() for servlet [dispatcherServlet] in context with path [] threw exception [Request processing failed: java.util.NoSuchElementException: No value present] with root cause

java.util.NoSuchElementException: No value present
	at java.base/java.util.Optional.get(Optional.java:143) ~[na:na]
	at com.lcwd.todomanager.todomanager.services.TodoService.getSingleTodoService(TodoService.java:54) ~[classes/:na]
	at com.lcwd.todomanager.todomanager.Controller.TodoController.getSingleTodo(TodoController.java:52) ~[classes/:na]
	at java.base/jdk.internal.reflect.DirectMethodHandleAccessor.invoke(DirectMethodHandleAccessor.java:104) ~[na:na]
	at java.base/java.lang.reflect.Method.invoke(Method.java:578) ~[na:na]
	at org.springframework.web.method.support.InvocableHandlerMethod.doInvoke(InvocableHandlerMethod.java:205) ~[spring-web-6.0.13.jar:6.0.13]
	at org.springframework.web.method.support.InvocableHandlerMethod.invokeForRequest(InvocableHandlerMethod.java:150) ~[spring-web-6.0.13.jar:6.0.13]
	at org.springframework.web.servlet.mvc.method.annotation.ServletInvocableHandlerMethod.invokeAndHandle(ServletInvocableHandlerMethod.java:118) ~[spring-webmvc-6.0.13.jar:6.0.13]
	at org.springframework.web.servlet.mvc.method.annotation.RequestMappingHandlerAdapter.invokeHandlerMethod(RequestMappingHandlerAdapter.java:884) ~[spring-webmvc-6.0.13.jar:6.0.13]
	at org.springframework.web.servlet.mvc.method.annotation.RequestMappingHandlerAdapter.handleInternal(RequestMappingHandlerAdapter.java:797) ~[spring-webmvc-6.0.13.jar:6.0.13]
	at org.springframework.web.servlet.mvc.method.AbstractHandlerMethodAdapter.handle(AbstractHandlerMethodAdapter.java:87) ~[spring-webmvc-6.0.13.jar:6.0.13]
	at org.springframework.web.servlet.DispatcherServlet.doDispatch(DispatcherServlet.java:1081) ~[spring-webmvc-6.0.13.jar:6.0.13]
	at org.springframework.web.servlet.DispatcherServlet.doService(DispatcherServlet.java:974) ~[spring-webmvc-6.0.13.jar:6.0.13]
	at org.springframework.web.servlet.FrameworkServlet.processRequest(FrameworkServlet.java:1011) ~[spring-webmvc-6.0.13.jar:6.0.13]
	at org.springframework.web.servlet.FrameworkServlet.doGet(FrameworkServlet.java:903) ~[spring-webmvc-6.0.13.jar:6.0.13]
	at jakarta.servlet.http.HttpServlet.service(HttpServlet.java:564) ~[tomcat-embed-core-10.1.15.jar:6.0]
	at org.springframework.web.servlet.FrameworkServlet.service(FrameworkServlet.java:885) ~[spring-webmvc-6.0.13.jar:6.0.13]
	at jakarta.servlet.http.HttpServlet.service(HttpServlet.java:658) ~[tomcat-embed-core-10.1.15.jar:6.0]
	at org.apache.catalina.core.ApplicationFilterChain.internalDoFilter(ApplicationFilterChain.java:205) ~[tomcat-embed-core-10.1.15.jar:10.1.15]
	at org.apache.catalina.core.ApplicationFilterChain.doFilter(ApplicationFilterChain.java:149) ~[tomcat-embed-core-10.1.15.jar:10.1.15]
	at org.apache.tomcat.websocket.server.WsFilter.doFilter(WsFilter.java:51) ~[tomcat-embed-websocket-10.1.15.jar:10.1.15]
	at org.apache.catalina.core.ApplicationFilterChain.internalDoFilter(ApplicationFilterChain.java:174) ~[tomcat-embed-core-10.1.15.jar:10.1.15]
	at org.apache.catalina.core.ApplicationFilterChain.doFilter(ApplicationFilterChain.java:149) ~[tomcat-embed-core-10.1.15.jar:10.1.15]
	at org.springframework.web.filter.RequestContextFilter.doFilterInternal(RequestContextFilter.java:100) ~[spring-web-6.0.13.jar:6.0.13]
	at org.springframework.web.filter.OncePerRequestFilter.doFilter(OncePerRequestFilter.java:116) ~[spring-web-6.0.13.jar:6.0.13]
	at org.apache.catalina.core.ApplicationFilterChain.internalDoFilter(ApplicationFilterChain.java:174) ~[tomcat-embed-core-10.1.15.jar:10.1.15]
	at org.apache.catalina.core.ApplicationFilterChain.doFilter(ApplicationFilterChain.java:149) ~[tomcat-embed-core-10.1.15.jar:10.1.15]
	at org.springframework.web.filter.FormContentFilter.doFilterInternal(FormContentFilter.java:93) ~[spring-web-6.0.13.jar:6.0.13]
	at org.springframework.web.filter.OncePerRequestFilter.doFilter(OncePerRequestFilter.java:116) ~[spring-web-6.0.13.jar:6.0.13]
	at org.apache.catalina.core.ApplicationFilterChain.internalDoFilter(ApplicationFilterChain.java:174) ~[tomcat-embed-core-10.1.15.jar:10.1.15]
	at org.apache.catalina.core.ApplicationFilterChain.doFilter(ApplicationFilterChain.java:149) ~[tomcat-embed-core-10.1.15.jar:10.1.15]
	at org.springframework.web.filter.CharacterEncodingFilter.doFilterInternal(CharacterEncodingFilter.java:201) ~[spring-web-6.0.13.jar:6.0.13]
	at org.springframework.web.filter.OncePerRequestFilter.doFilter(OncePerRequestFilter.java:116) ~[spring-web-6.0.13.jar:6.0.13]
	at org.apache.catalina.core.ApplicationFilterChain.internalDoFilter(ApplicationFilterChain.java:174) ~[tomcat-embed-core-10.1.15.jar:10.1.15]
	at org.apache.catalina.core.ApplicationFilterChain.doFilter(ApplicationFilterChain.java:149) ~[tomcat-embed-core-10.1.15.jar:10.1.15]
	at org.apache.catalina.core.StandardWrapperValve.invoke(StandardWrapperValve.java:167) ~[tomcat-embed-core-10.1.15.jar:10.1.15]
	at org.apache.catalina.core.StandardContextValve.invoke(StandardContextValve.java:90) ~[tomcat-embed-core-10.1.15.jar:10.1.15]
	at org.apache.catalina.authenticator.AuthenticatorBase.invoke(AuthenticatorBase.java:482) ~[tomcat-embed-core-10.1.15.jar:10.1.15]
	at org.apache.catalina.core.StandardHostValve.invoke(StandardHostValve.java:115) ~[tomcat-embed-core-10.1.15.jar:10.1.15]
	at org.apache.catalina.valves.ErrorReportValve.invoke(ErrorReportValve.java:93) ~[tomcat-embed-core-10.1.15.jar:10.1.15]
	at org.apache.catalina.core.StandardEngineValve.invoke(StandardEngineValve.java:74) ~[tomcat-embed-core-10.1.15.jar:10.1.15]
	at org.apache.catalina.connector.CoyoteAdapter.service(CoyoteAdapter.java:340) ~[tomcat-embed-core-10.1.15.jar:10.1.15]
	at org.apache.coyote.http11.Http11Processor.service(Http11Processor.java:391) ~[tomcat-embed-core-10.1.15.jar:10.1.15]
	at org.apache.coyote.AbstractProcessorLight.process(AbstractProcessorLight.java:63) ~[tomcat-embed-core-10.1.15.jar:10.1.15]
	at org.apache.coyote.AbstractProtocol$ConnectionHandler.process(AbstractProtocol.java:896) ~[tomcat-embed-core-10.1.15.jar:10.1.15]
	at org.apache.tomcat.util.net.NioEndpoint$SocketProcessor.doRun(NioEndpoint.java:1744) ~[tomcat-embed-core-10.1.15.jar:10.1.15]
	at org.apache.tomcat.util.net.SocketProcessorBase.run(SocketProcessorBase.java:52) ~[tomcat-embed-core-10.1.15.jar:10.1.15]
	at org.apache.tomcat.util.threads.ThreadPoolExecutor.runWorker(ThreadPoolExecutor.java:1191) ~[tomcat-embed-core-10.1.15.jar:10.1.15]
	at org.apache.tomcat.util.threads.ThreadPoolExecutor$Worker.run(ThreadPoolExecutor.java:659) ~[tomcat-embed-core-10.1.15.jar:10.1.15]
	at org.apache.tomcat.util.threads.TaskThread$WrappingRunnable.run(TaskThread.java:61) ~[tomcat-embed-core-10.1.15.jar:10.1.15]
	at java.base/java.lang.Thread.run(Thread.java:1623) ~[na:na]

2023-10-30T13:59:32.008+05:30  INFO 6532 --- [restartedMain] c.l.t.t.TodoManagerApplication           : Starting TodoManagerApplication using Java 20.0.2 with PID 6532 (C:\Users\ghosh\OneDrive\Desktop\todo-manager\todo-manager\target\classes started by ghosh in C:\Users\ghosh\OneDrive\Desktop\todo-manager)
2023-10-30T13:59:32.013+05:30  INFO 6532 --- [restartedMain] c.l.t.t.TodoManagerApplication           : No active profile set, falling back to 1 default profile: "default"
2023-10-30T13:59:32.170+05:30  INFO 6532 --- [restartedMain] .e.DevToolsPropertyDefaultsPostProcessor : Devtools property defaults active! Set 'spring.devtools.add-properties' to 'false' to disable
2023-10-30T13:59:32.171+05:30  INFO 6532 --- [restartedMain] .e.DevToolsPropertyDefaultsPostProcessor : For additional web related logging consider setting the 'logging.level.web' property to 'DEBUG'
2023-10-30T13:59:34.501+05:30  INFO 6532 --- [restartedMain] o.s.b.w.embedded.tomcat.TomcatWebServer  : Tomcat initialized with port(s): 8080 (http)
2023-10-30T13:59:34.521+05:30  INFO 6532 --- [restartedMain] o.apache.catalina.core.StandardService   : Starting service [Tomcat]
2023-10-30T13:59:34.522+05:30  INFO 6532 --- [restartedMain] o.apache.catalina.core.StandardEngine    : Starting Servlet engine: [Apache Tomcat/10.1.15]
2023-10-30T13:59:34.615+05:30  INFO 6532 --- [restartedMain] o.a.c.c.C.[Tomcat].[localhost].[/]       : Initializing Spring embedded WebApplicationContext
2023-10-30T13:59:34.615+05:30  INFO 6532 --- [restartedMain] w.s.c.ServletWebServerApplicationContext : Root WebApplicationContext: initialization completed in 2443 ms
2023-10-30T13:59:35.572+05:30  INFO 6532 --- [restartedMain] o.s.b.d.a.OptionalLiveReloadServer       : LiveReload server is running on port 35729
2023-10-30T13:59:35.653+05:30  INFO 6532 --- [restartedMain] o.s.b.w.embedded.tomcat.TomcatWebServer  : Tomcat started on port(s): 8080 (http) with context path ''
2023-10-30T13:59:35.683+05:30  INFO 6532 --- [restartedMain] c.l.t.t.TodoManagerApplication           : Started TodoManagerApplication in 4.509 seconds (process running for 5.463)
2023-10-30T14:00:01.674+05:30  INFO 6532 --- [http-nio-8080-exec-4] o.a.c.c.C.[Tomcat].[localhost].[/]       : Initializing Spring DispatcherServlet 'dispatcherServlet'
2023-10-30T14:00:01.676+05:30  INFO 6532 --- [http-nio-8080-exec-4] o.s.web.servlet.DispatcherServlet        : Initializing Servlet 'dispatcherServlet'
2023-10-30T14:00:01.679+05:30  INFO 6532 --- [http-nio-8080-exec-4] o.s.web.servlet.DispatcherServlet        : Completed initialization in 2 ms
2023-10-30T14:00:01.854+05:30  INFO 6532 --- [http-nio-8080-exec-4] c.l.t.t.Controller.TodoController        : creating todo
2023-10-30T14:00:01.854+05:30  INFO 6532 --- [http-nio-8080-exec-4] c.l.t.todomanager.services.TodoService   : Todos [com.lcwd.todomanager.todomanager.models.Todo@3b091172]
2023-10-30T14:00:03.148+05:30  INFO 6532 --- [http-nio-8080-exec-5] c.l.t.t.Controller.TodoController        : creating todo
2023-10-30T14:00:03.148+05:30  INFO 6532 --- [http-nio-8080-exec-5] c.l.t.todomanager.services.TodoService   : Todos [com.lcwd.todomanager.todomanager.models.Todo@3b091172, com.lcwd.todomanager.todomanager.models.Todo@d012ee6]
2023-10-30T14:04:41.860+05:30  INFO 9240 --- [restartedMain] c.l.t.t.TodoManagerApplication           : Starting TodoManagerApplication using Java 20.0.2 with PID 9240 (C:\Users\ghosh\OneDrive\Desktop\todo-manager\todo-manager\target\classes started by ghosh in C:\Users\ghosh\OneDrive\Desktop\todo-manager)
2023-10-30T14:04:41.865+05:30  INFO 9240 --- [restartedMain] c.l.t.t.TodoManagerApplication           : No active profile set, falling back to 1 default profile: "default"
2023-10-30T14:04:41.998+05:30  INFO 9240 --- [restartedMain] .e.DevToolsPropertyDefaultsPostProcessor : Devtools property defaults active! Set 'spring.devtools.add-properties' to 'false' to disable
2023-10-30T14:04:41.999+05:30  INFO 9240 --- [restartedMain] .e.DevToolsPropertyDefaultsPostProcessor : For additional web related logging consider setting the 'logging.level.web' property to 'DEBUG'
2023-10-30T14:04:44.488+05:30  INFO 9240 --- [restartedMain] o.s.b.w.embedded.tomcat.TomcatWebServer  : Tomcat initialized with port(s): 8080 (http)
2023-10-30T14:04:44.516+05:30  INFO 9240 --- [restartedMain] o.apache.catalina.core.StandardService   : Starting service [Tomcat]
2023-10-30T14:04:44.517+05:30  INFO 9240 --- [restartedMain] o.apache.catalina.core.StandardEngine    : Starting Servlet engine: [Apache Tomcat/10.1.15]
2023-10-30T14:04:44.630+05:30  INFO 9240 --- [restartedMain] o.a.c.c.C.[Tomcat].[localhost].[/]       : Initializing Spring embedded WebApplicationContext
2023-10-30T14:04:44.631+05:30  INFO 9240 --- [restartedMain] w.s.c.ServletWebServerApplicationContext : Root WebApplicationContext: initialization completed in 2631 ms
2023-10-30T14:04:45.420+05:30  INFO 9240 --- [restartedMain] o.s.b.d.a.OptionalLiveReloadServer       : LiveReload server is running on port 35729
2023-10-30T14:04:45.505+05:30  INFO 9240 --- [restartedMain] o.s.b.w.embedded.tomcat.TomcatWebServer  : Tomcat started on port(s): 8080 (http) with context path ''
2023-10-30T14:04:45.525+05:30  INFO 9240 --- [restartedMain] c.l.t.t.TodoManagerApplication           : Started TodoManagerApplication in 4.51 seconds (process running for 5.424)
2023-10-30T14:04:52.609+05:30  INFO 9240 --- [http-nio-8080-exec-2] o.a.c.c.C.[Tomcat].[localhost].[/]       : Initializing Spring DispatcherServlet 'dispatcherServlet'
2023-10-30T14:04:52.610+05:30  INFO 9240 --- [http-nio-8080-exec-2] o.s.web.servlet.DispatcherServlet        : Initializing Servlet 'dispatcherServlet'
2023-10-30T14:04:52.615+05:30  INFO 9240 --- [http-nio-8080-exec-2] o.s.web.servlet.DispatcherServlet        : Completed initialization in 5 ms
2023-10-30T14:04:52.655+05:30  WARN 9240 --- [http-nio-8080-exec-2] .w.s.m.s.DefaultHandlerExceptionResolver : Resolved [org.springframework.web.HttpRequestMethodNotSupportedException: Request method 'GET' is not supported]
2023-10-30T14:05:05.793+05:30  WARN 9240 --- [http-nio-8080-exec-3] .w.s.m.s.DefaultHandlerExceptionResolver : Resolved [org.springframework.http.converter.HttpMessageNotReadableException: Required request body is missing: public org.springframework.http.ResponseEntity<com.lcwd.todomanager.todomanager.models.Todo> com.lcwd.todomanager.todomanager.Controller.TodoController.updateTodo(com.lcwd.todomanager.todomanager.models.Todo,int)]
2023-10-30T14:05:49.799+05:30  INFO 13824 --- [restartedMain] c.l.t.t.TodoManagerApplication           : Starting TodoManagerApplication using Java 20.0.2 with PID 13824 (C:\Users\ghosh\OneDrive\Desktop\todo-manager\todo-manager\target\classes started by ghosh in C:\Users\ghosh\OneDrive\Desktop\todo-manager)
2023-10-30T14:05:49.805+05:30  INFO 13824 --- [restartedMain] c.l.t.t.TodoManagerApplication           : No active profile set, falling back to 1 default profile: "default"
2023-10-30T14:05:49.930+05:30  INFO 13824 --- [restartedMain] .e.DevToolsPropertyDefaultsPostProcessor : Devtools property defaults active! Set 'spring.devtools.add-properties' to 'false' to disable
2023-10-30T14:05:49.931+05:30  INFO 13824 --- [restartedMain] .e.DevToolsPropertyDefaultsPostProcessor : For additional web related logging consider setting the 'logging.level.web' property to 'DEBUG'
2023-10-30T14:05:52.213+05:30  INFO 13824 --- [restartedMain] o.s.b.w.embedded.tomcat.TomcatWebServer  : Tomcat initialized with port(s): 8080 (http)
2023-10-30T14:05:52.232+05:30  INFO 13824 --- [restartedMain] o.apache.catalina.core.StandardService   : Starting service [Tomcat]
2023-10-30T14:05:52.232+05:30  INFO 13824 --- [restartedMain] o.apache.catalina.core.StandardEngine    : Starting Servlet engine: [Apache Tomcat/10.1.15]
2023-10-30T14:05:52.321+05:30  INFO 13824 --- [restartedMain] o.a.c.c.C.[Tomcat].[localhost].[/]       : Initializing Spring embedded WebApplicationContext
2023-10-30T14:05:52.322+05:30  INFO 13824 --- [restartedMain] w.s.c.ServletWebServerApplicationContext : Root WebApplicationContext: initialization completed in 2390 ms
2023-10-30T14:05:52.976+05:30  INFO 13824 --- [restartedMain] o.s.b.d.a.OptionalLiveReloadServer       : LiveReload server is running on port 35729
2023-10-30T14:05:53.036+05:30  INFO 13824 --- [restartedMain] o.s.b.w.embedded.tomcat.TomcatWebServer  : Tomcat started on port(s): 8080 (http) with context path ''
2023-10-30T14:05:53.056+05:30  INFO 13824 --- [restartedMain] c.l.t.t.TodoManagerApplication           : Started TodoManagerApplication in 4.203 seconds (process running for 5.087)
2023-10-30T14:06:19.011+05:30  INFO 13824 --- [http-nio-8080-exec-2] o.a.c.c.C.[Tomcat].[localhost].[/]       : Initializing Spring DispatcherServlet 'dispatcherServlet'
2023-10-30T14:06:19.012+05:30  INFO 13824 --- [http-nio-8080-exec-2] o.s.web.servlet.DispatcherServlet        : Initializing Servlet 'dispatcherServlet'
2023-10-30T14:06:19.013+05:30  INFO 13824 --- [http-nio-8080-exec-2] o.s.web.servlet.DispatcherServlet        : Completed initialization in 1 ms
2023-10-30T14:06:19.072+05:30  WARN 13824 --- [http-nio-8080-exec-2] .w.s.m.s.DefaultHandlerExceptionResolver : Resolved [org.springframework.http.converter.HttpMessageNotReadableException: Required request body is missing: public org.springframework.http.ResponseEntity<com.lcwd.todomanager.todomanager.models.Todo> com.lcwd.todomanager.todomanager.Controller.TodoController.updateTodo(com.lcwd.todomanager.todomanager.models.Todo,int)]
2023-10-30T14:06:25.487+05:30  WARN 13824 --- [http-nio-8080-exec-4] .w.s.m.s.DefaultHandlerExceptionResolver : Resolved [org.springframework.http.converter.HttpMessageNotReadableException: Required request body is missing: public org.springframework.http.ResponseEntity<com.lcwd.todomanager.todomanager.models.Todo> com.lcwd.todomanager.todomanager.Controller.TodoController.updateTodo(com.lcwd.todomanager.todomanager.models.Todo,int)]
2023-10-30T14:08:44.498+05:30  WARN 13824 --- [http-nio-8080-exec-5] .w.s.m.s.DefaultHandlerExceptionResolver : Resolved [org.springframework.http.converter.HttpMessageNotReadableException: Required request body is missing: public org.springframework.http.ResponseEntity<com.lcwd.todomanager.todomanager.models.Todo> com.lcwd.todomanager.todomanager.Controller.TodoController.updateTodo(com.lcwd.todomanager.todomanager.models.Todo,int)]
2023-10-30T14:08:50.103+05:30  WARN 13824 --- [http-nio-8080-exec-8] .w.s.m.s.DefaultHandlerExceptionResolver : Resolved [org.springframework.web.HttpRequestMethodNotSupportedException: Request method 'POST' is not supported]
2023-10-30T14:09:15.734+05:30  INFO 11920 --- [restartedMain] c.l.t.t.TodoManagerApplication           : Starting TodoManagerApplication using Java 20.0.2 with PID 11920 (C:\Users\ghosh\OneDrive\Desktop\todo-manager\todo-manager\target\classes started by ghosh in C:\Users\ghosh\OneDrive\Desktop\todo-manager)
2023-10-30T14:09:15.739+05:30  INFO 11920 --- [restartedMain] c.l.t.t.TodoManagerApplication           : No active profile set, falling back to 1 default profile: "default"
2023-10-30T14:09:15.855+05:30  INFO 11920 --- [restartedMain] .e.DevToolsPropertyDefaultsPostProcessor : Devtools property defaults active! Set 'spring.devtools.add-properties' to 'false' to disable
2023-10-30T14:09:15.855+05:30  INFO 11920 --- [restartedMain] .e.DevToolsPropertyDefaultsPostProcessor : For additional web related logging consider setting the 'logging.level.web' property to 'DEBUG'
2023-10-30T14:09:17.923+05:30  INFO 11920 --- [restartedMain] o.s.b.w.embedded.tomcat.TomcatWebServer  : Tomcat initialized with port(s): 8080 (http)
2023-10-30T14:09:17.942+05:30  INFO 11920 --- [restartedMain] o.apache.catalina.core.StandardService   : Starting service [Tomcat]
2023-10-30T14:09:17.942+05:30  INFO 11920 --- [restartedMain] o.apache.catalina.core.StandardEngine    : Starting Servlet engine: [Apache Tomcat/10.1.15]
2023-10-30T14:09:18.022+05:30  INFO 11920 --- [restartedMain] o.a.c.c.C.[Tomcat].[localhost].[/]       : Initializing Spring embedded WebApplicationContext
2023-10-30T14:09:18.022+05:30  INFO 11920 --- [restartedMain] w.s.c.ServletWebServerApplicationContext : Root WebApplicationContext: initialization completed in 2166 ms
2023-10-30T14:09:18.719+05:30  INFO 11920 --- [restartedMain] o.s.b.d.a.OptionalLiveReloadServer       : LiveReload server is running on port 35729
2023-10-30T14:09:18.798+05:30  INFO 11920 --- [restartedMain] o.s.b.w.embedded.tomcat.TomcatWebServer  : Tomcat started on port(s): 8080 (http) with context path ''
2023-10-30T14:09:18.819+05:30  INFO 11920 --- [restartedMain] c.l.t.t.TodoManagerApplication           : Started TodoManagerApplication in 3.968 seconds (process running for 4.962)
2023-10-30T14:09:41.236+05:30  INFO 11920 --- [http-nio-8080-exec-4] o.a.c.c.C.[Tomcat].[localhost].[/]       : Initializing Spring DispatcherServlet 'dispatcherServlet'
2023-10-30T14:09:41.238+05:30  INFO 11920 --- [http-nio-8080-exec-4] o.s.web.servlet.DispatcherServlet        : Initializing Servlet 'dispatcherServlet'
2023-10-30T14:09:41.241+05:30  INFO 11920 --- [http-nio-8080-exec-4] o.s.web.servlet.DispatcherServlet        : Completed initialization in 1 ms
2023-10-30T14:09:41.322+05:30  WARN 11920 --- [http-nio-8080-exec-4] .w.s.m.s.DefaultHandlerExceptionResolver : Resolved [org.springframework.web.HttpMediaTypeNotSupportedException: Content-Type 'text/plain;charset=UTF-8' is not supported]
2023-10-30T14:10:06.974+05:30  INFO 11920 --- [http-nio-8080-exec-3] c.l.t.t.Controller.TodoController        : creating todo
2023-10-30T14:10:06.975+05:30  INFO 11920 --- [http-nio-8080-exec-3] c.l.t.todomanager.services.TodoService   : Todos [com.lcwd.todomanager.todomanager.models.Todo@56475464]
2023-10-30T14:10:08.071+05:30  INFO 11920 --- [http-nio-8080-exec-2] c.l.t.t.Controller.TodoController        : creating todo
2023-10-30T14:10:08.071+05:30  INFO 11920 --- [http-nio-8080-exec-2] c.l.t.todomanager.services.TodoService   : Todos [com.lcwd.todomanager.todomanager.models.Todo@56475464, com.lcwd.todomanager.todomanager.models.Todo@3ab628c1]
2023-10-30T14:10:08.907+05:30  INFO 11920 --- [http-nio-8080-exec-6] c.l.t.t.Controller.TodoController        : creating todo
2023-10-30T14:10:08.907+05:30  INFO 11920 --- [http-nio-8080-exec-6] c.l.t.todomanager.services.TodoService   : Todos [com.lcwd.todomanager.todomanager.models.Todo@56475464, com.lcwd.todomanager.todomanager.models.Todo@3ab628c1, com.lcwd.todomanager.todomanager.models.Todo@1b064523]
2023-10-30T14:10:09.714+05:30  INFO 11920 --- [http-nio-8080-exec-9] c.l.t.t.Controller.TodoController        : creating todo
2023-10-30T14:10:09.715+05:30  INFO 11920 --- [http-nio-8080-exec-9] c.l.t.todomanager.services.TodoService   : Todos [com.lcwd.todomanager.todomanager.models.Todo@56475464, com.lcwd.todomanager.todomanager.models.Todo@3ab628c1, com.lcwd.todomanager.todomanager.models.Todo@1b064523, com.lcwd.todomanager.todomanager.models.Todo@45daed52]
2023-10-30T14:10:22.355+05:30  WARN 11920 --- [http-nio-8080-exec-7] .w.s.m.s.DefaultHandlerExceptionResolver : Resolved [org.springframework.web.HttpMediaTypeNotSupportedException: Content-Type 'text/plain;charset=UTF-8' is not supported]
